I, [2016-09-23T01:36:50.877701 #4798]  INFO -- : Refreshing Gem list
I, [2016-09-23T01:36:50.907094 #4798]  INFO -- : listening on addr=/tmp/unicorn_isutar.sock fd=11
I, [2016-09-23T01:36:50.907310 #4798]  INFO -- : listening on addr=0.0.0.0:5001 fd=12
I, [2016-09-23T01:36:50.907382 #4798]  INFO -- : worker=0 spawning...
I, [2016-09-23T01:36:50.908052 #4798]  INFO -- : worker=1 spawning...
I, [2016-09-23T01:36:50.908461 #4801]  INFO -- : worker=0 spawned pid=4801
I, [2016-09-23T01:36:50.908567 #4801]  INFO -- : worker=0 ready
I, [2016-09-23T01:36:50.909090 #4798]  INFO -- : worker=2 spawning...
I, [2016-09-23T01:36:50.909469 #4804]  INFO -- : worker=1 spawned pid=4804
I, [2016-09-23T01:36:50.909564 #4804]  INFO -- : worker=1 ready
I, [2016-09-23T01:36:50.910039 #4798]  INFO -- : worker=3 spawning...
I, [2016-09-23T01:36:50.910411 #4807]  INFO -- : worker=2 spawned pid=4807
I, [2016-09-23T01:36:50.910512 #4807]  INFO -- : worker=2 ready
I, [2016-09-23T01:36:50.911091 #4798]  INFO -- : worker=4 spawning...
I, [2016-09-23T01:36:50.911439 #4810]  INFO -- : worker=3 spawned pid=4810
I, [2016-09-23T01:36:50.911550 #4810]  INFO -- : worker=3 ready
I, [2016-09-23T01:36:50.912085 #4798]  INFO -- : master process ready
I, [2016-09-23T01:36:50.912417 #4813]  INFO -- : worker=4 spawned pid=4813
I, [2016-09-23T01:36:50.912508 #4813]  INFO -- : worker=4 ready
I, [2016-09-23T07:35:08.921947 #4798]  INFO -- : reaped #<Process::Status: pid 4813 exit 0> worker=4
I, [2016-09-23T07:35:09.025008 #4798]  INFO -- : reaped #<Process::Status: pid 4801 exit 0> worker=0
I, [2016-09-23T07:35:09.025142 #4798]  INFO -- : reaped #<Process::Status: pid 4804 exit 0> worker=1
I, [2016-09-23T07:35:09.025205 #4798]  INFO -- : reaped #<Process::Status: pid 4807 exit 0> worker=2
I, [2016-09-23T07:35:09.025230 #4798]  INFO -- : reaped #<Process::Status: pid 4810 exit 0> worker=3
I, [2016-09-23T07:35:09.025302 #4798]  INFO -- : master complete
I, [2016-09-23T20:59:24.671808 #855]  INFO -- : Refreshing Gem list
I, [2016-09-23T20:59:25.439148 #855]  INFO -- : listening on addr=/tmp/unicorn_isutar.sock fd=7
I, [2016-09-23T20:59:25.439370 #855]  INFO -- : listening on addr=0.0.0.0:5001 fd=8
I, [2016-09-23T20:59:25.439456 #855]  INFO -- : worker=0 spawning...
I, [2016-09-23T20:59:25.440113 #855]  INFO -- : worker=1 spawning...
I, [2016-09-23T20:59:25.440549 #855]  INFO -- : worker=2 spawning...
I, [2016-09-23T20:59:25.440530 #1247]  INFO -- : worker=0 spawned pid=1247
I, [2016-09-23T20:59:25.440646 #1247]  INFO -- : worker=0 ready
I, [2016-09-23T20:59:25.441220 #855]  INFO -- : worker=3 spawning...
I, [2016-09-23T20:59:25.441498 #1250]  INFO -- : worker=1 spawned pid=1250
I, [2016-09-23T20:59:25.441592 #1250]  INFO -- : worker=1 ready
I, [2016-09-23T20:59:25.441589 #1253]  INFO -- : worker=2 spawned pid=1253
I, [2016-09-23T20:59:25.441693 #1253]  INFO -- : worker=2 ready
I, [2016-09-23T20:59:25.442171 #855]  INFO -- : worker=4 spawning...
I, [2016-09-23T20:59:25.442574 #1256]  INFO -- : worker=3 spawned pid=1256
I, [2016-09-23T20:59:25.442681 #1256]  INFO -- : worker=3 ready
I, [2016-09-23T20:59:25.442947 #855]  INFO -- : master process ready
I, [2016-09-23T20:59:25.443308 #1259]  INFO -- : worker=4 spawned pid=1259
I, [2016-09-23T20:59:25.443469 #1259]  INFO -- : worker=4 ready
2016-09-24 12:43:33 - Mysql2::Error - MySQL server has gone away:
	/home/isucon/isucon6q/ruby/vendor/bundle/ruby/2.3.0/gems/mysql2-0.4.4/lib/mysql2/client.rb:107:in `_query'
	/home/isucon/isucon6q/ruby/vendor/bundle/ruby/2.3.0/gems/mysql2-0.4.4/lib/mysql2/client.rb:107:in `block in query'
	/home/isucon/isucon6q/ruby/vendor/bundle/ruby/2.3.0/gems/mysql2-0.4.4/lib/mysql2/client.rb:106:in `handle_interrupt'
	/home/isucon/isucon6q/ruby/vendor/bundle/ruby/2.3.0/gems/mysql2-0.4.4/lib/mysql2/client.rb:106:in `query'
	/home/isucon/isucon6q/ruby/vendor/bundle/ruby/2.3.0/gems/mysql2-cs-bind-0.0.6/lib/mysql2-cs-bind.rb:14:in `xquery'
	/home/isucon/isucon6q/ruby/lib/isutar/web.rb:53:in `block in <class:Web>'
	/home/isucon/isucon6q/ruby/vendor/bundle/ruby/2.3.0/gems/sinatra-1.4.7/lib/sinatra/base.rb:1611:in `call'
	/home/isucon/isucon6q/ruby/vendor/bundle/ruby/2.3.0/gems/sinatra-1.4.7/lib/sinatra/base.rb:1611:in `block in compile!'
	/home/isucon/isucon6q/ruby/vendor/bundle/ruby/2.3.0/gems/sinatra-1.4.7/lib/sinatra/base.rb:975:in `block (3 levels) in route!'
	/home/isucon/isucon6q/ruby/vendor/bundle/ruby/2.3.0/gems/sinatra-1.4.7/lib/sinatra/base.rb:994:in `route_eval'
	/home/isucon/isucon6q/ruby/vendor/bundle/ruby/2.3.0/gems/sinatra-1.4.7/lib/sinatra/base.rb:975:in `block (2 levels) in route!'
	/home/isucon/isucon6q/ruby/vendor/bundle/ruby/2.3.0/gems/sinatra-1.4.7/lib/sinatra/base.rb:1015:in `block in process_route'
	/home/isucon/isucon6q/ruby/vendor/bundle/ruby/2.3.0/gems/sinatra-1.4.7/lib/sinatra/base.rb:1013:in `catch'
	/home/isucon/isucon6q/ruby/vendor/bundle/ruby/2.3.0/gems/sinatra-1.4.7/lib/sinatra/base.rb:1013:in `process_route'
	/home/isucon/isucon6q/ruby/vendor/bundle/ruby/2.3.0/gems/sinatra-1.4.7/lib/sinatra/base.rb:973:in `block in route!'
	/home/isucon/isucon6q/ruby/vendor/bundle/ruby/2.3.0/gems/sinatra-1.4.7/lib/sinatra/base.rb:972:in `each'
	/home/isucon/isucon6q/ruby/vendor/bundle/ruby/2.3.0/gems/sinatra-1.4.7/lib/sinatra/base.rb:972:in `route!'
	/home/isucon/isucon6q/ruby/vendor/bundle/ruby/2.3.0/gems/sinatra-1.4.7/lib/sinatra/base.rb:1085:in `block in dispatch!'
	/home/isucon/isucon6q/ruby/vendor/bundle/ruby/2.3.0/gems/sinatra-1.4.7/lib/sinatra/base.rb:1067:in `block in invoke'
	/home/isucon/isucon6q/ruby/vendor/bundle/ruby/2.3.0/gems/sinatra-1.4.7/lib/sinatra/base.rb:1067:in `catch'
	/home/isucon/isucon6q/ruby/vendor/bundle/ruby/2.3.0/gems/sinatra-1.4.7/lib/sinatra/base.rb:1067:in `invoke'
	/home/isucon/isucon6q/ruby/vendor/bundle/ruby/2.3.0/gems/sinatra-1.4.7/lib/sinatra/base.rb:1082:in `dispatch!'
	/home/isucon/isucon6q/ruby/vendor/bundle/ruby/2.3.0/gems/sinatra-1.4.7/lib/sinatra/base.rb:907:in `block in call!'
	/home/isucon/isucon6q/ruby/vendor/bundle/ruby/2.3.0/gems/sinatra-1.4.7/lib/sinatra/base.rb:1067:in `block in invoke'
	/home/isucon/isucon6q/ruby/vendor/bundle/ruby/2.3.0/gems/sinatra-1.4.7/lib/sinatra/base.rb:1067:in `catch'
	/home/isucon/isucon6q/ruby/vendor/bundle/ruby/2.3.0/gems/sinatra-1.4.7/lib/sinatra/base.rb:1067:in `invoke'
	/home/isucon/isucon6q/ruby/vendor/bundle/ruby/2.3.0/gems/sinatra-1.4.7/lib/sinatra/base.rb:907:in `call!'
	/home/isucon/isucon6q/ruby/vendor/bundle/ruby/2.3.0/gems/sinatra-1.4.7/lib/sinatra/base.rb:895:in `call'
	/home/isucon/isucon6q/ruby/vendor/bundle/ruby/2.3.0/gems/rack-protection-1.5.3/lib/rack/protection/xss_header.rb:18:in `call'
	/home/isucon/isucon6q/ruby/vendor/bundle/ruby/2.3.0/gems/rack-protection-1.5.3/lib/rack/protection/path_traversal.rb:16:in `call'
	/home/isucon/isucon6q/ruby/vendor/bundle/ruby/2.3.0/gems/rack-protection-1.5.3/lib/rack/protection/json_csrf.rb:18:in `call'
	/home/isucon/isucon6q/ruby/vendor/bundle/ruby/2.3.0/gems/rack-protection-1.5.3/lib/rack/protection/base.rb:49:in `call'
	/home/isucon/isucon6q/ruby/vendor/bundle/ruby/2.3.0/gems/rack-protection-1.5.3/lib/rack/protection/base.rb:49:in `call'
	/home/isucon/isucon6q/ruby/vendor/bundle/ruby/2.3.0/gems/rack-protection-1.5.3/lib/rack/protection/frame_options.rb:31:in `call'
	/home/isucon/isucon6q/ruby/vendor/bundle/ruby/2.3.0/gems/rack-1.6.4/lib/rack/nulllogger.rb:9:in `call'
	/home/isucon/isucon6q/ruby/vendor/bundle/ruby/2.3.0/gems/rack-1.6.4/lib/rack/head.rb:13:in `call'
	/home/isucon/isucon6q/ruby/vendor/bundle/ruby/2.3.0/gems/sinatra-1.4.7/lib/sinatra/base.rb:182:in `call'
	/home/isucon/isucon6q/ruby/vendor/bundle/ruby/2.3.0/gems/sinatra-1.4.7/lib/sinatra/base.rb:2013:in `call'
	/home/isucon/isucon6q/ruby/vendor/bundle/ruby/2.3.0/gems/sinatra-1.4.7/lib/sinatra/base.rb:1487:in `block in call'
	/home/isucon/isucon6q/ruby/vendor/bundle/ruby/2.3.0/gems/sinatra-1.4.7/lib/sinatra/base.rb:1787:in `synchronize'
	/home/isucon/isucon6q/ruby/vendor/bundle/ruby/2.3.0/gems/sinatra-1.4.7/lib/sinatra/base.rb:1487:in `call'
	/home/isucon/isucon6q/ruby/vendor/bundle/ruby/2.3.0/gems/unicorn-5.1.0/lib/unicorn/http_server.rb:562:in `process_client'
	/home/isucon/isucon6q/ruby/vendor/bundle/ruby/2.3.0/gems/unicorn-5.1.0/lib/unicorn/http_server.rb:658:in `worker_loop'
	/home/isucon/isucon6q/ruby/vendor/bundle/ruby/2.3.0/gems/unicorn-5.1.0/lib/unicorn/http_server.rb:508:in `spawn_missing_workers'
	/home/isucon/isucon6q/ruby/vendor/bundle/ruby/2.3.0/gems/unicorn-5.1.0/lib/unicorn/http_server.rb:132:in `start'
	/home/isucon/isucon6q/ruby/vendor/bundle/ruby/2.3.0/gems/unicorn-5.1.0/bin/unicorn:126:in `<top (required)>'
	/home/isucon/isucon6q/ruby/vendor/bundle/ruby/2.3.0/bin/unicorn:23:in `load'
	/home/isucon/isucon6q/ruby/vendor/bundle/ruby/2.3.0/bin/unicorn:23:in `<top (required)>'
	/home/isucon/.local/ruby/lib/ruby/gems/2.3.0/gems/bundler-1.13.0/lib/bundler/cli/exec.rb:74:in `load'
	/home/isucon/.local/ruby/lib/ruby/gems/2.3.0/gems/bundler-1.13.0/lib/bundler/cli/exec.rb:74:in `kernel_load'
	/home/isucon/.local/ruby/lib/ruby/gems/2.3.0/gems/bundler-1.13.0/lib/bundler/cli/exec.rb:27:in `run'
	/home/isucon/.local/ruby/lib/ruby/gems/2.3.0/gems/bundler-1.13.0/lib/bundler/cli.rb:332:in `exec'
	/home/isucon/.local/ruby/lib/ruby/gems/2.3.0/gems/bundler-1.13.0/lib/bundler/vendor/thor/lib/thor/command.rb:27:in `run'
	/home/isucon/.local/ruby/lib/ruby/gems/2.3.0/gems/bundler-1.13.0/lib/bundler/vendor/thor/lib/thor/invocation.rb:126:in `invoke_command'
	/home/isucon/.local/ruby/lib/ruby/gems/2.3.0/gems/bundler-1.13.0/lib/bundler/vendor/thor/lib/thor.rb:359:in `dispatch'
	/home/isucon/.local/ruby/lib/ruby/gems/2.3.0/gems/bundler-1.13.0/lib/bundler/cli.rb:20:in `dispatch'
	/home/isucon/.local/ruby/lib/ruby/gems/2.3.0/gems/bundler-1.13.0/lib/bundler/vendor/thor/lib/thor/base.rb:440:in `start'
	/home/isucon/.local/ruby/lib/ruby/gems/2.3.0/gems/bundler-1.13.0/lib/bundler/cli.rb:11:in `start'
	/home/isucon/.local/ruby/lib/ruby/gems/2.3.0/gems/bundler-1.13.0/exe/bundle:34:in `block in <top (required)>'
	/home/isucon/.local/ruby/lib/ruby/gems/2.3.0/gems/bundler-1.13.0/lib/bundler/friendly_errors.rb:100:in `with_friendly_errors'
	/home/isucon/.local/ruby/lib/ruby/gems/2.3.0/gems/bundler-1.13.0/exe/bundle:26:in `<top (required)>'
	/home/isucon/.local/ruby/bin/bundle:23:in `load'
	/home/isucon/.local/ruby/bin/bundle:23:in `<main>'
2016-09-24 13:03:10 - Mysql2::Error - MySQL server has gone away:
	/home/isucon/isucon6q/ruby/vendor/bundle/ruby/2.3.0/gems/mysql2-0.4.4/lib/mysql2/client.rb:107:in `_query'
	/home/isucon/isucon6q/ruby/vendor/bundle/ruby/2.3.0/gems/mysql2-0.4.4/lib/mysql2/client.rb:107:in `block in query'
	/home/isucon/isucon6q/ruby/vendor/bundle/ruby/2.3.0/gems/mysql2-0.4.4/lib/mysql2/client.rb:106:in `handle_interrupt'
	/home/isucon/isucon6q/ruby/vendor/bundle/ruby/2.3.0/gems/mysql2-0.4.4/lib/mysql2/client.rb:106:in `query'
	/home/isucon/isucon6q/ruby/vendor/bundle/ruby/2.3.0/gems/mysql2-cs-bind-0.0.6/lib/mysql2-cs-bind.rb:14:in `xquery'
	/home/isucon/isucon6q/ruby/lib/isutar/web.rb:53:in `block in <class:Web>'
	/home/isucon/isucon6q/ruby/vendor/bundle/ruby/2.3.0/gems/sinatra-1.4.7/lib/sinatra/base.rb:1611:in `call'
	/home/isucon/isucon6q/ruby/vendor/bundle/ruby/2.3.0/gems/sinatra-1.4.7/lib/sinatra/base.rb:1611:in `block in compile!'
	/home/isucon/isucon6q/ruby/vendor/bundle/ruby/2.3.0/gems/sinatra-1.4.7/lib/sinatra/base.rb:975:in `block (3 levels) in route!'
	/home/isucon/isucon6q/ruby/vendor/bundle/ruby/2.3.0/gems/sinatra-1.4.7/lib/sinatra/base.rb:994:in `route_eval'
	/home/isucon/isucon6q/ruby/vendor/bundle/ruby/2.3.0/gems/sinatra-1.4.7/lib/sinatra/base.rb:975:in `block (2 levels) in route!'
	/home/isucon/isucon6q/ruby/vendor/bundle/ruby/2.3.0/gems/sinatra-1.4.7/lib/sinatra/base.rb:1015:in `block in process_route'
	/home/isucon/isucon6q/ruby/vendor/bundle/ruby/2.3.0/gems/sinatra-1.4.7/lib/sinatra/base.rb:1013:in `catch'
	/home/isucon/isucon6q/ruby/vendor/bundle/ruby/2.3.0/gems/sinatra-1.4.7/lib/sinatra/base.rb:1013:in `process_route'
	/home/isucon/isucon6q/ruby/vendor/bundle/ruby/2.3.0/gems/sinatra-1.4.7/lib/sinatra/base.rb:973:in `block in route!'
	/home/isucon/isucon6q/ruby/vendor/bundle/ruby/2.3.0/gems/sinatra-1.4.7/lib/sinatra/base.rb:972:in `each'
	/home/isucon/isucon6q/ruby/vendor/bundle/ruby/2.3.0/gems/sinatra-1.4.7/lib/sinatra/base.rb:972:in `route!'
	/home/isucon/isucon6q/ruby/vendor/bundle/ruby/2.3.0/gems/sinatra-1.4.7/lib/sinatra/base.rb:1085:in `block in dispatch!'
	/home/isucon/isucon6q/ruby/vendor/bundle/ruby/2.3.0/gems/sinatra-1.4.7/lib/sinatra/base.rb:1067:in `block in invoke'
	/home/isucon/isucon6q/ruby/vendor/bundle/ruby/2.3.0/gems/sinatra-1.4.7/lib/sinatra/base.rb:1067:in `catch'
	/home/isucon/isucon6q/ruby/vendor/bundle/ruby/2.3.0/gems/sinatra-1.4.7/lib/sinatra/base.rb:1067:in `invoke'
	/home/isucon/isucon6q/ruby/vendor/bundle/ruby/2.3.0/gems/sinatra-1.4.7/lib/sinatra/base.rb:1082:in `dispatch!'
	/home/isucon/isucon6q/ruby/vendor/bundle/ruby/2.3.0/gems/sinatra-1.4.7/lib/sinatra/base.rb:907:in `block in call!'
	/home/isucon/isucon6q/ruby/vendor/bundle/ruby/2.3.0/gems/sinatra-1.4.7/lib/sinatra/base.rb:1067:in `block in invoke'
	/home/isucon/isucon6q/ruby/vendor/bundle/ruby/2.3.0/gems/sinatra-1.4.7/lib/sinatra/base.rb:1067:in `catch'
	/home/isucon/isucon6q/ruby/vendor/bundle/ruby/2.3.0/gems/sinatra-1.4.7/lib/sinatra/base.rb:1067:in `invoke'
	/home/isucon/isucon6q/ruby/vendor/bundle/ruby/2.3.0/gems/sinatra-1.4.7/lib/sinatra/base.rb:907:in `call!'
	/home/isucon/isucon6q/ruby/vendor/bundle/ruby/2.3.0/gems/sinatra-1.4.7/lib/sinatra/base.rb:895:in `call'
	/home/isucon/isucon6q/ruby/vendor/bundle/ruby/2.3.0/gems/rack-protection-1.5.3/lib/rack/protection/xss_header.rb:18:in `call'
	/home/isucon/isucon6q/ruby/vendor/bundle/ruby/2.3.0/gems/rack-protection-1.5.3/lib/rack/protection/path_traversal.rb:16:in `call'
	/home/isucon/isucon6q/ruby/vendor/bundle/ruby/2.3.0/gems/rack-protection-1.5.3/lib/rack/protection/json_csrf.rb:18:in `call'
	/home/isucon/isucon6q/ruby/vendor/bundle/ruby/2.3.0/gems/rack-protection-1.5.3/lib/rack/protection/base.rb:49:in `call'
	/home/isucon/isucon6q/ruby/vendor/bundle/ruby/2.3.0/gems/rack-protection-1.5.3/lib/rack/protection/base.rb:49:in `call'
	/home/isucon/isucon6q/ruby/vendor/bundle/ruby/2.3.0/gems/rack-protection-1.5.3/lib/rack/protection/frame_options.rb:31:in `call'
	/home/isucon/isucon6q/ruby/vendor/bundle/ruby/2.3.0/gems/rack-1.6.4/lib/rack/nulllogger.rb:9:in `call'
	/home/isucon/isucon6q/ruby/vendor/bundle/ruby/2.3.0/gems/rack-1.6.4/lib/rack/head.rb:13:in `call'
	/home/isucon/isucon6q/ruby/vendor/bundle/ruby/2.3.0/gems/sinatra-1.4.7/lib/sinatra/base.rb:182:in `call'
	/home/isucon/isucon6q/ruby/vendor/bundle/ruby/2.3.0/gems/sinatra-1.4.7/lib/sinatra/base.rb:2013:in `call'
	/home/isucon/isucon6q/ruby/vendor/bundle/ruby/2.3.0/gems/sinatra-1.4.7/lib/sinatra/base.rb:1487:in `block in call'
	/home/isucon/isucon6q/ruby/vendor/bundle/ruby/2.3.0/gems/sinatra-1.4.7/lib/sinatra/base.rb:1787:in `synchronize'
	/home/isucon/isucon6q/ruby/vendor/bundle/ruby/2.3.0/gems/sinatra-1.4.7/lib/sinatra/base.rb:1487:in `call'
	/home/isucon/isucon6q/ruby/vendor/bundle/ruby/2.3.0/gems/unicorn-5.1.0/lib/unicorn/http_server.rb:562:in `process_client'
	/home/isucon/isucon6q/ruby/vendor/bundle/ruby/2.3.0/gems/unicorn-5.1.0/lib/unicorn/http_server.rb:658:in `worker_loop'
	/home/isucon/isucon6q/ruby/vendor/bundle/ruby/2.3.0/gems/unicorn-5.1.0/lib/unicorn/http_server.rb:508:in `spawn_missing_workers'
	/home/isucon/isucon6q/ruby/vendor/bundle/ruby/2.3.0/gems/unicorn-5.1.0/lib/unicorn/http_server.rb:132:in `start'
	/home/isucon/isucon6q/ruby/vendor/bundle/ruby/2.3.0/gems/unicorn-5.1.0/bin/unicorn:126:in `<top (required)>'
	/home/isucon/isucon6q/ruby/vendor/bundle/ruby/2.3.0/bin/unicorn:23:in `load'
	/home/isucon/isucon6q/ruby/vendor/bundle/ruby/2.3.0/bin/unicorn:23:in `<top (required)>'
	/home/isucon/.local/ruby/lib/ruby/gems/2.3.0/gems/bundler-1.13.0/lib/bundler/cli/exec.rb:74:in `load'
	/home/isucon/.local/ruby/lib/ruby/gems/2.3.0/gems/bundler-1.13.0/lib/bundler/cli/exec.rb:74:in `kernel_load'
	/home/isucon/.local/ruby/lib/ruby/gems/2.3.0/gems/bundler-1.13.0/lib/bundler/cli/exec.rb:27:in `run'
	/home/isucon/.local/ruby/lib/ruby/gems/2.3.0/gems/bundler-1.13.0/lib/bundler/cli.rb:332:in `exec'
	/home/isucon/.local/ruby/lib/ruby/gems/2.3.0/gems/bundler-1.13.0/lib/bundler/vendor/thor/lib/thor/command.rb:27:in `run'
	/home/isucon/.local/ruby/lib/ruby/gems/2.3.0/gems/bundler-1.13.0/lib/bundler/vendor/thor/lib/thor/invocation.rb:126:in `invoke_command'
	/home/isucon/.local/ruby/lib/ruby/gems/2.3.0/gems/bundler-1.13.0/lib/bundler/vendor/thor/lib/thor.rb:359:in `dispatch'
	/home/isucon/.local/ruby/lib/ruby/gems/2.3.0/gems/bundler-1.13.0/lib/bundler/cli.rb:20:in `dispatch'
	/home/isucon/.local/ruby/lib/ruby/gems/2.3.0/gems/bundler-1.13.0/lib/bundler/vendor/thor/lib/thor/base.rb:440:in `start'
	/home/isucon/.local/ruby/lib/ruby/gems/2.3.0/gems/bundler-1.13.0/lib/bundler/cli.rb:11:in `start'
	/home/isucon/.local/ruby/lib/ruby/gems/2.3.0/gems/bundler-1.13.0/exe/bundle:34:in `block in <top (required)>'
	/home/isucon/.local/ruby/lib/ruby/gems/2.3.0/gems/bundler-1.13.0/lib/bundler/friendly_errors.rb:100:in `with_friendly_errors'
	/home/isucon/.local/ruby/lib/ruby/gems/2.3.0/gems/bundler-1.13.0/exe/bundle:26:in `<top (required)>'
	/home/isucon/.local/ruby/bin/bundle:23:in `load'
	/home/isucon/.local/ruby/bin/bundle:23:in `<main>'
2016-09-24 13:37:55 - Mysql2::Error - MySQL server has gone away:
	/home/isucon/isucon6q/ruby/vendor/bundle/ruby/2.3.0/gems/mysql2-0.4.4/lib/mysql2/client.rb:107:in `_query'
	/home/isucon/isucon6q/ruby/vendor/bundle/ruby/2.3.0/gems/mysql2-0.4.4/lib/mysql2/client.rb:107:in `block in query'
	/home/isucon/isucon6q/ruby/vendor/bundle/ruby/2.3.0/gems/mysql2-0.4.4/lib/mysql2/client.rb:106:in `handle_interrupt'
	/home/isucon/isucon6q/ruby/vendor/bundle/ruby/2.3.0/gems/mysql2-0.4.4/lib/mysql2/client.rb:106:in `query'
	/home/isucon/isucon6q/ruby/vendor/bundle/ruby/2.3.0/gems/mysql2-cs-bind-0.0.6/lib/mysql2-cs-bind.rb:14:in `xquery'
	/home/isucon/isucon6q/ruby/lib/isutar/web.rb:53:in `block in <class:Web>'
	/home/isucon/isucon6q/ruby/vendor/bundle/ruby/2.3.0/gems/sinatra-1.4.7/lib/sinatra/base.rb:1611:in `call'
	/home/isucon/isucon6q/ruby/vendor/bundle/ruby/2.3.0/gems/sinatra-1.4.7/lib/sinatra/base.rb:1611:in `block in compile!'
	/home/isucon/isucon6q/ruby/vendor/bundle/ruby/2.3.0/gems/sinatra-1.4.7/lib/sinatra/base.rb:975:in `block (3 levels) in route!'
	/home/isucon/isucon6q/ruby/vendor/bundle/ruby/2.3.0/gems/sinatra-1.4.7/lib/sinatra/base.rb:994:in `route_eval'
	/home/isucon/isucon6q/ruby/vendor/bundle/ruby/2.3.0/gems/sinatra-1.4.7/lib/sinatra/base.rb:975:in `block (2 levels) in route!'
	/home/isucon/isucon6q/ruby/vendor/bundle/ruby/2.3.0/gems/sinatra-1.4.7/lib/sinatra/base.rb:1015:in `block in process_route'
	/home/isucon/isucon6q/ruby/vendor/bundle/ruby/2.3.0/gems/sinatra-1.4.7/lib/sinatra/base.rb:1013:in `catch'
	/home/isucon/isucon6q/ruby/vendor/bundle/ruby/2.3.0/gems/sinatra-1.4.7/lib/sinatra/base.rb:1013:in `process_route'
	/home/isucon/isucon6q/ruby/vendor/bundle/ruby/2.3.0/gems/sinatra-1.4.7/lib/sinatra/base.rb:973:in `block in route!'
	/home/isucon/isucon6q/ruby/vendor/bundle/ruby/2.3.0/gems/sinatra-1.4.7/lib/sinatra/base.rb:972:in `each'
	/home/isucon/isucon6q/ruby/vendor/bundle/ruby/2.3.0/gems/sinatra-1.4.7/lib/sinatra/base.rb:972:in `route!'
	/home/isucon/isucon6q/ruby/vendor/bundle/ruby/2.3.0/gems/sinatra-1.4.7/lib/sinatra/base.rb:1085:in `block in dispatch!'
	/home/isucon/isucon6q/ruby/vendor/bundle/ruby/2.3.0/gems/sinatra-1.4.7/lib/sinatra/base.rb:1067:in `block in invoke'
	/home/isucon/isucon6q/ruby/vendor/bundle/ruby/2.3.0/gems/sinatra-1.4.7/lib/sinatra/base.rb:1067:in `catch'
	/home/isucon/isucon6q/ruby/vendor/bundle/ruby/2.3.0/gems/sinatra-1.4.7/lib/sinatra/base.rb:1067:in `invoke'
	/home/isucon/isucon6q/ruby/vendor/bundle/ruby/2.3.0/gems/sinatra-1.4.7/lib/sinatra/base.rb:1082:in `dispatch!'
	/home/isucon/isucon6q/ruby/vendor/bundle/ruby/2.3.0/gems/sinatra-1.4.7/lib/sinatra/base.rb:907:in `block in call!'
	/home/isucon/isucon6q/ruby/vendor/bundle/ruby/2.3.0/gems/sinatra-1.4.7/lib/sinatra/base.rb:1067:in `block in invoke'
	/home/isucon/isucon6q/ruby/vendor/bundle/ruby/2.3.0/gems/sinatra-1.4.7/lib/sinatra/base.rb:1067:in `catch'
	/home/isucon/isucon6q/ruby/vendor/bundle/ruby/2.3.0/gems/sinatra-1.4.7/lib/sinatra/base.rb:1067:in `invoke'
	/home/isucon/isucon6q/ruby/vendor/bundle/ruby/2.3.0/gems/sinatra-1.4.7/lib/sinatra/base.rb:907:in `call!'
	/home/isucon/isucon6q/ruby/vendor/bundle/ruby/2.3.0/gems/sinatra-1.4.7/lib/sinatra/base.rb:895:in `call'
	/home/isucon/isucon6q/ruby/vendor/bundle/ruby/2.3.0/gems/rack-protection-1.5.3/lib/rack/protection/xss_header.rb:18:in `call'
	/home/isucon/isucon6q/ruby/vendor/bundle/ruby/2.3.0/gems/rack-protection-1.5.3/lib/rack/protection/path_traversal.rb:16:in `call'
	/home/isucon/isucon6q/ruby/vendor/bundle/ruby/2.3.0/gems/rack-protection-1.5.3/lib/rack/protection/json_csrf.rb:18:in `call'
	/home/isucon/isucon6q/ruby/vendor/bundle/ruby/2.3.0/gems/rack-protection-1.5.3/lib/rack/protection/base.rb:49:in `call'
	/home/isucon/isucon6q/ruby/vendor/bundle/ruby/2.3.0/gems/rack-protection-1.5.3/lib/rack/protection/base.rb:49:in `call'
	/home/isucon/isucon6q/ruby/vendor/bundle/ruby/2.3.0/gems/rack-protection-1.5.3/lib/rack/protection/frame_options.rb:31:in `call'
	/home/isucon/isucon6q/ruby/vendor/bundle/ruby/2.3.0/gems/rack-1.6.4/lib/rack/nulllogger.rb:9:in `call'
	/home/isucon/isucon6q/ruby/vendor/bundle/ruby/2.3.0/gems/rack-1.6.4/lib/rack/head.rb:13:in `call'
	/home/isucon/isucon6q/ruby/vendor/bundle/ruby/2.3.0/gems/sinatra-1.4.7/lib/sinatra/base.rb:182:in `call'
	/home/isucon/isucon6q/ruby/vendor/bundle/ruby/2.3.0/gems/sinatra-1.4.7/lib/sinatra/base.rb:2013:in `call'
	/home/isucon/isucon6q/ruby/vendor/bundle/ruby/2.3.0/gems/sinatra-1.4.7/lib/sinatra/base.rb:1487:in `block in call'
	/home/isucon/isucon6q/ruby/vendor/bundle/ruby/2.3.0/gems/sinatra-1.4.7/lib/sinatra/base.rb:1787:in `synchronize'
	/home/isucon/isucon6q/ruby/vendor/bundle/ruby/2.3.0/gems/sinatra-1.4.7/lib/sinatra/base.rb:1487:in `call'
	/home/isucon/isucon6q/ruby/vendor/bundle/ruby/2.3.0/gems/unicorn-5.1.0/lib/unicorn/http_server.rb:562:in `process_client'
	/home/isucon/isucon6q/ruby/vendor/bundle/ruby/2.3.0/gems/unicorn-5.1.0/lib/unicorn/http_server.rb:658:in `worker_loop'
	/home/isucon/isucon6q/ruby/vendor/bundle/ruby/2.3.0/gems/unicorn-5.1.0/lib/unicorn/http_server.rb:508:in `spawn_missing_workers'
	/home/isucon/isucon6q/ruby/vendor/bundle/ruby/2.3.0/gems/unicorn-5.1.0/lib/unicorn/http_server.rb:132:in `start'
	/home/isucon/isucon6q/ruby/vendor/bundle/ruby/2.3.0/gems/unicorn-5.1.0/bin/unicorn:126:in `<top (required)>'
	/home/isucon/isucon6q/ruby/vendor/bundle/ruby/2.3.0/bin/unicorn:23:in `load'
	/home/isucon/isucon6q/ruby/vendor/bundle/ruby/2.3.0/bin/unicorn:23:in `<top (required)>'
	/home/isucon/.local/ruby/lib/ruby/gems/2.3.0/gems/bundler-1.13.0/lib/bundler/cli/exec.rb:74:in `load'
	/home/isucon/.local/ruby/lib/ruby/gems/2.3.0/gems/bundler-1.13.0/lib/bundler/cli/exec.rb:74:in `kernel_load'
	/home/isucon/.local/ruby/lib/ruby/gems/2.3.0/gems/bundler-1.13.0/lib/bundler/cli/exec.rb:27:in `run'
	/home/isucon/.local/ruby/lib/ruby/gems/2.3.0/gems/bundler-1.13.0/lib/bundler/cli.rb:332:in `exec'
	/home/isucon/.local/ruby/lib/ruby/gems/2.3.0/gems/bundler-1.13.0/lib/bundler/vendor/thor/lib/thor/command.rb:27:in `run'
	/home/isucon/.local/ruby/lib/ruby/gems/2.3.0/gems/bundler-1.13.0/lib/bundler/vendor/thor/lib/thor/invocation.rb:126:in `invoke_command'
	/home/isucon/.local/ruby/lib/ruby/gems/2.3.0/gems/bundler-1.13.0/lib/bundler/vendor/thor/lib/thor.rb:359:in `dispatch'
	/home/isucon/.local/ruby/lib/ruby/gems/2.3.0/gems/bundler-1.13.0/lib/bundler/cli.rb:20:in `dispatch'
	/home/isucon/.local/ruby/lib/ruby/gems/2.3.0/gems/bundler-1.13.0/lib/bundler/vendor/thor/lib/thor/base.rb:440:in `start'
	/home/isucon/.local/ruby/lib/ruby/gems/2.3.0/gems/bundler-1.13.0/lib/bundler/cli.rb:11:in `start'
	/home/isucon/.local/ruby/lib/ruby/gems/2.3.0/gems/bundler-1.13.0/exe/bundle:34:in `block in <top (required)>'
	/home/isucon/.local/ruby/lib/ruby/gems/2.3.0/gems/bundler-1.13.0/lib/bundler/friendly_errors.rb:100:in `with_friendly_errors'
	/home/isucon/.local/ruby/lib/ruby/gems/2.3.0/gems/bundler-1.13.0/exe/bundle:26:in `<top (required)>'
	/home/isucon/.local/ruby/bin/bundle:23:in `load'
	/home/isucon/.local/ruby/bin/bundle:23:in `<main>'
2016-09-24 13:37:57 - Mysql2::Error - closed MySQL connection:
	/home/isucon/isucon6q/ruby/vendor/bundle/ruby/2.3.0/gems/mysql2-0.4.4/lib/mysql2/client.rb:107:in `_query'
	/home/isucon/isucon6q/ruby/vendor/bundle/ruby/2.3.0/gems/mysql2-0.4.4/lib/mysql2/client.rb:107:in `block in query'
	/home/isucon/isucon6q/ruby/vendor/bundle/ruby/2.3.0/gems/mysql2-0.4.4/lib/mysql2/client.rb:106:in `handle_interrupt'
	/home/isucon/isucon6q/ruby/vendor/bundle/ruby/2.3.0/gems/mysql2-0.4.4/lib/mysql2/client.rb:106:in `query'
	/home/isucon/isucon6q/ruby/vendor/bundle/ruby/2.3.0/gems/mysql2-cs-bind-0.0.6/lib/mysql2-cs-bind.rb:14:in `xquery'
	/home/isucon/isucon6q/ruby/lib/isutar/web.rb:53:in `block in <class:Web>'
	/home/isucon/isucon6q/ruby/vendor/bundle/ruby/2.3.0/gems/sinatra-1.4.7/lib/sinatra/base.rb:1611:in `call'
	/home/isucon/isucon6q/ruby/vendor/bundle/ruby/2.3.0/gems/sinatra-1.4.7/lib/sinatra/base.rb:1611:in `block in compile!'
	/home/isucon/isucon6q/ruby/vendor/bundle/ruby/2.3.0/gems/sinatra-1.4.7/lib/sinatra/base.rb:975:in `block (3 levels) in route!'
	/home/isucon/isucon6q/ruby/vendor/bundle/ruby/2.3.0/gems/sinatra-1.4.7/lib/sinatra/base.rb:994:in `route_eval'
	/home/isucon/isucon6q/ruby/vendor/bundle/ruby/2.3.0/gems/sinatra-1.4.7/lib/sinatra/base.rb:975:in `block (2 levels) in route!'
	/home/isucon/isucon6q/ruby/vendor/bundle/ruby/2.3.0/gems/sinatra-1.4.7/lib/sinatra/base.rb:1015:in `block in process_route'
	/home/isucon/isucon6q/ruby/vendor/bundle/ruby/2.3.0/gems/sinatra-1.4.7/lib/sinatra/base.rb:1013:in `catch'
	/home/isucon/isucon6q/ruby/vendor/bundle/ruby/2.3.0/gems/sinatra-1.4.7/lib/sinatra/base.rb:1013:in `process_route'
	/home/isucon/isucon6q/ruby/vendor/bundle/ruby/2.3.0/gems/sinatra-1.4.7/lib/sinatra/base.rb:973:in `block in route!'
	/home/isucon/isucon6q/ruby/vendor/bundle/ruby/2.3.0/gems/sinatra-1.4.7/lib/sinatra/base.rb:972:in `each'
	/home/isucon/isucon6q/ruby/vendor/bundle/ruby/2.3.0/gems/sinatra-1.4.7/lib/sinatra/base.rb:972:in `route!'
	/home/isucon/isucon6q/ruby/vendor/bundle/ruby/2.3.0/gems/sinatra-1.4.7/lib/sinatra/base.rb:1085:in `block in dispatch!'
	/home/isucon/isucon6q/ruby/vendor/bundle/ruby/2.3.0/gems/sinatra-1.4.7/lib/sinatra/base.rb:1067:in `block in invoke'
	/home/isucon/isucon6q/ruby/vendor/bundle/ruby/2.3.0/gems/sinatra-1.4.7/lib/sinatra/base.rb:1067:in `catch'
	/home/isucon/isucon6q/ruby/vendor/bundle/ruby/2.3.0/gems/sinatra-1.4.7/lib/sinatra/base.rb:1067:in `invoke'
	/home/isucon/isucon6q/ruby/vendor/bundle/ruby/2.3.0/gems/sinatra-1.4.7/lib/sinatra/base.rb:1082:in `dispatch!'
	/home/isucon/isucon6q/ruby/vendor/bundle/ruby/2.3.0/gems/sinatra-1.4.7/lib/sinatra/base.rb:907:in `block in call!'
	/home/isucon/isucon6q/ruby/vendor/bundle/ruby/2.3.0/gems/sinatra-1.4.7/lib/sinatra/base.rb:1067:in `block in invoke'
	/home/isucon/isucon6q/ruby/vendor/bundle/ruby/2.3.0/gems/sinatra-1.4.7/lib/sinatra/base.rb:1067:in `catch'
	/home/isucon/isucon6q/ruby/vendor/bundle/ruby/2.3.0/gems/sinatra-1.4.7/lib/sinatra/base.rb:1067:in `invoke'
	/home/isucon/isucon6q/ruby/vendor/bundle/ruby/2.3.0/gems/sinatra-1.4.7/lib/sinatra/base.rb:907:in `call!'
	/home/isucon/isucon6q/ruby/vendor/bundle/ruby/2.3.0/gems/sinatra-1.4.7/lib/sinatra/base.rb:895:in `call'
	/home/isucon/isucon6q/ruby/vendor/bundle/ruby/2.3.0/gems/rack-protection-1.5.3/lib/rack/protection/xss_header.rb:18:in `call'
	/home/isucon/isucon6q/ruby/vendor/bundle/ruby/2.3.0/gems/rack-protection-1.5.3/lib/rack/protection/path_traversal.rb:16:in `call'
	/home/isucon/isucon6q/ruby/vendor/bundle/ruby/2.3.0/gems/rack-protection-1.5.3/lib/rack/protection/json_csrf.rb:18:in `call'
	/home/isucon/isucon6q/ruby/vendor/bundle/ruby/2.3.0/gems/rack-protection-1.5.3/lib/rack/protection/base.rb:49:in `call'
	/home/isucon/isucon6q/ruby/vendor/bundle/ruby/2.3.0/gems/rack-protection-1.5.3/lib/rack/protection/base.rb:49:in `call'
	/home/isucon/isucon6q/ruby/vendor/bundle/ruby/2.3.0/gems/rack-protection-1.5.3/lib/rack/protection/frame_options.rb:31:in `call'
	/home/isucon/isucon6q/ruby/vendor/bundle/ruby/2.3.0/gems/rack-1.6.4/lib/rack/nulllogger.rb:9:in `call'
	/home/isucon/isucon6q/ruby/vendor/bundle/ruby/2.3.0/gems/rack-1.6.4/lib/rack/head.rb:13:in `call'
	/home/isucon/isucon6q/ruby/vendor/bundle/ruby/2.3.0/gems/sinatra-1.4.7/lib/sinatra/base.rb:182:in `call'
	/home/isucon/isucon6q/ruby/vendor/bundle/ruby/2.3.0/gems/sinatra-1.4.7/lib/sinatra/base.rb:2013:in `call'
	/home/isucon/isucon6q/ruby/vendor/bundle/ruby/2.3.0/gems/sinatra-1.4.7/lib/sinatra/base.rb:1487:in `block in call'
	/home/isucon/isucon6q/ruby/vendor/bundle/ruby/2.3.0/gems/sinatra-1.4.7/lib/sinatra/base.rb:1787:in `synchronize'
	/home/isucon/isucon6q/ruby/vendor/bundle/ruby/2.3.0/gems/sinatra-1.4.7/lib/sinatra/base.rb:1487:in `call'
	/home/isucon/isucon6q/ruby/vendor/bundle/ruby/2.3.0/gems/unicorn-5.1.0/lib/unicorn/http_server.rb:562:in `process_client'
	/home/isucon/isucon6q/ruby/vendor/bundle/ruby/2.3.0/gems/unicorn-5.1.0/lib/unicorn/http_server.rb:658:in `worker_loop'
	/home/isucon/isucon6q/ruby/vendor/bundle/ruby/2.3.0/gems/unicorn-5.1.0/lib/unicorn/http_server.rb:508:in `spawn_missing_workers'
	/home/isucon/isucon6q/ruby/vendor/bundle/ruby/2.3.0/gems/unicorn-5.1.0/lib/unicorn/http_server.rb:132:in `start'
	/home/isucon/isucon6q/ruby/vendor/bundle/ruby/2.3.0/gems/unicorn-5.1.0/bin/unicorn:126:in `<top (required)>'
	/home/isucon/isucon6q/ruby/vendor/bundle/ruby/2.3.0/bin/unicorn:23:in `load'
	/home/isucon/isucon6q/ruby/vendor/bundle/ruby/2.3.0/bin/unicorn:23:in `<top (required)>'
	/home/isucon/.local/ruby/lib/ruby/gems/2.3.0/gems/bundler-1.13.0/lib/bundler/cli/exec.rb:74:in `load'
	/home/isucon/.local/ruby/lib/ruby/gems/2.3.0/gems/bundler-1.13.0/lib/bundler/cli/exec.rb:74:in `kernel_load'
	/home/isucon/.local/ruby/lib/ruby/gems/2.3.0/gems/bundler-1.13.0/lib/bundler/cli/exec.rb:27:in `run'
	/home/isucon/.local/ruby/lib/ruby/gems/2.3.0/gems/bundler-1.13.0/lib/bundler/cli.rb:332:in `exec'
	/home/isucon/.local/ruby/lib/ruby/gems/2.3.0/gems/bundler-1.13.0/lib/bundler/vendor/thor/lib/thor/command.rb:27:in `run'
	/home/isucon/.local/ruby/lib/ruby/gems/2.3.0/gems/bundler-1.13.0/lib/bundler/vendor/thor/lib/thor/invocation.rb:126:in `invoke_command'
	/home/isucon/.local/ruby/lib/ruby/gems/2.3.0/gems/bundler-1.13.0/lib/bundler/vendor/thor/lib/thor.rb:359:in `dispatch'
	/home/isucon/.local/ruby/lib/ruby/gems/2.3.0/gems/bundler-1.13.0/lib/bundler/cli.rb:20:in `dispatch'
	/home/isucon/.local/ruby/lib/ruby/gems/2.3.0/gems/bundler-1.13.0/lib/bundler/vendor/thor/lib/thor/base.rb:440:in `start'
	/home/isucon/.local/ruby/lib/ruby/gems/2.3.0/gems/bundler-1.13.0/lib/bundler/cli.rb:11:in `start'
	/home/isucon/.local/ruby/lib/ruby/gems/2.3.0/gems/bundler-1.13.0/exe/bundle:34:in `block in <top (required)>'
	/home/isucon/.local/ruby/lib/ruby/gems/2.3.0/gems/bundler-1.13.0/lib/bundler/friendly_errors.rb:100:in `with_friendly_errors'
	/home/isucon/.local/ruby/lib/ruby/gems/2.3.0/gems/bundler-1.13.0/exe/bundle:26:in `<top (required)>'
	/home/isucon/.local/ruby/bin/bundle:23:in `load'
	/home/isucon/.local/ruby/bin/bundle:23:in `<main>'
2016-09-24 13:37:59 - Mysql2::Error - closed MySQL connection:
	/home/isucon/isucon6q/ruby/vendor/bundle/ruby/2.3.0/gems/mysql2-0.4.4/lib/mysql2/client.rb:107:in `_query'
	/home/isucon/isucon6q/ruby/vendor/bundle/ruby/2.3.0/gems/mysql2-0.4.4/lib/mysql2/client.rb:107:in `block in query'
	/home/isucon/isucon6q/ruby/vendor/bundle/ruby/2.3.0/gems/mysql2-0.4.4/lib/mysql2/client.rb:106:in `handle_interrupt'
	/home/isucon/isucon6q/ruby/vendor/bundle/ruby/2.3.0/gems/mysql2-0.4.4/lib/mysql2/client.rb:106:in `query'
	/home/isucon/isucon6q/ruby/vendor/bundle/ruby/2.3.0/gems/mysql2-cs-bind-0.0.6/lib/mysql2-cs-bind.rb:14:in `xquery'
	/home/isucon/isucon6q/ruby/lib/isutar/web.rb:53:in `block in <class:Web>'
	/home/isucon/isucon6q/ruby/vendor/bundle/ruby/2.3.0/gems/sinatra-1.4.7/lib/sinatra/base.rb:1611:in `call'
	/home/isucon/isucon6q/ruby/vendor/bundle/ruby/2.3.0/gems/sinatra-1.4.7/lib/sinatra/base.rb:1611:in `block in compile!'
	/home/isucon/isucon6q/ruby/vendor/bundle/ruby/2.3.0/gems/sinatra-1.4.7/lib/sinatra/base.rb:975:in `block (3 levels) in route!'
	/home/isucon/isucon6q/ruby/vendor/bundle/ruby/2.3.0/gems/sinatra-1.4.7/lib/sinatra/base.rb:994:in `route_eval'
	/home/isucon/isucon6q/ruby/vendor/bundle/ruby/2.3.0/gems/sinatra-1.4.7/lib/sinatra/base.rb:975:in `block (2 levels) in route!'
	/home/isucon/isucon6q/ruby/vendor/bundle/ruby/2.3.0/gems/sinatra-1.4.7/lib/sinatra/base.rb:1015:in `block in process_route'
	/home/isucon/isucon6q/ruby/vendor/bundle/ruby/2.3.0/gems/sinatra-1.4.7/lib/sinatra/base.rb:1013:in `catch'
	/home/isucon/isucon6q/ruby/vendor/bundle/ruby/2.3.0/gems/sinatra-1.4.7/lib/sinatra/base.rb:1013:in `process_route'
	/home/isucon/isucon6q/ruby/vendor/bundle/ruby/2.3.0/gems/sinatra-1.4.7/lib/sinatra/base.rb:973:in `block in route!'
	/home/isucon/isucon6q/ruby/vendor/bundle/ruby/2.3.0/gems/sinatra-1.4.7/lib/sinatra/base.rb:972:in `each'
	/home/isucon/isucon6q/ruby/vendor/bundle/ruby/2.3.0/gems/sinatra-1.4.7/lib/sinatra/base.rb:972:in `route!'
	/home/isucon/isucon6q/ruby/vendor/bundle/ruby/2.3.0/gems/sinatra-1.4.7/lib/sinatra/base.rb:1085:in `block in dispatch!'
	/home/isucon/isucon6q/ruby/vendor/bundle/ruby/2.3.0/gems/sinatra-1.4.7/lib/sinatra/base.rb:1067:in `block in invoke'
	/home/isucon/isucon6q/ruby/vendor/bundle/ruby/2.3.0/gems/sinatra-1.4.7/lib/sinatra/base.rb:1067:in `catch'
	/home/isucon/isucon6q/ruby/vendor/bundle/ruby/2.3.0/gems/sinatra-1.4.7/lib/sinatra/base.rb:1067:in `invoke'
	/home/isucon/isucon6q/ruby/vendor/bundle/ruby/2.3.0/gems/sinatra-1.4.7/lib/sinatra/base.rb:1082:in `dispatch!'
	/home/isucon/isucon6q/ruby/vendor/bundle/ruby/2.3.0/gems/sinatra-1.4.7/lib/sinatra/base.rb:907:in `block in call!'
	/home/isucon/isucon6q/ruby/vendor/bundle/ruby/2.3.0/gems/sinatra-1.4.7/lib/sinatra/base.rb:1067:in `block in invoke'
	/home/isucon/isucon6q/ruby/vendor/bundle/ruby/2.3.0/gems/sinatra-1.4.7/lib/sinatra/base.rb:1067:in `catch'
	/home/isucon/isucon6q/ruby/vendor/bundle/ruby/2.3.0/gems/sinatra-1.4.7/lib/sinatra/base.rb:1067:in `invoke'
	/home/isucon/isucon6q/ruby/vendor/bundle/ruby/2.3.0/gems/sinatra-1.4.7/lib/sinatra/base.rb:907:in `call!'
	/home/isucon/isucon6q/ruby/vendor/bundle/ruby/2.3.0/gems/sinatra-1.4.7/lib/sinatra/base.rb:895:in `call'
	/home/isucon/isucon6q/ruby/vendor/bundle/ruby/2.3.0/gems/rack-protection-1.5.3/lib/rack/protection/xss_header.rb:18:in `call'
	/home/isucon/isucon6q/ruby/vendor/bundle/ruby/2.3.0/gems/rack-protection-1.5.3/lib/rack/protection/path_traversal.rb:16:in `call'
	/home/isucon/isucon6q/ruby/vendor/bundle/ruby/2.3.0/gems/rack-protection-1.5.3/lib/rack/protection/json_csrf.rb:18:in `call'
	/home/isucon/isucon6q/ruby/vendor/bundle/ruby/2.3.0/gems/rack-protection-1.5.3/lib/rack/protection/base.rb:49:in `call'
	/home/isucon/isucon6q/ruby/vendor/bundle/ruby/2.3.0/gems/rack-protection-1.5.3/lib/rack/protection/base.rb:49:in `call'
	/home/isucon/isucon6q/ruby/vendor/bundle/ruby/2.3.0/gems/rack-protection-1.5.3/lib/rack/protection/frame_options.rb:31:in `call'
	/home/isucon/isucon6q/ruby/vendor/bundle/ruby/2.3.0/gems/rack-1.6.4/lib/rack/nulllogger.rb:9:in `call'
	/home/isucon/isucon6q/ruby/vendor/bundle/ruby/2.3.0/gems/rack-1.6.4/lib/rack/head.rb:13:in `call'
	/home/isucon/isucon6q/ruby/vendor/bundle/ruby/2.3.0/gems/sinatra-1.4.7/lib/sinatra/base.rb:182:in `call'
	/home/isucon/isucon6q/ruby/vendor/bundle/ruby/2.3.0/gems/sinatra-1.4.7/lib/sinatra/base.rb:2013:in `call'
	/home/isucon/isucon6q/ruby/vendor/bundle/ruby/2.3.0/gems/sinatra-1.4.7/lib/sinatra/base.rb:1487:in `block in call'
	/home/isucon/isucon6q/ruby/vendor/bundle/ruby/2.3.0/gems/sinatra-1.4.7/lib/sinatra/base.rb:1787:in `synchronize'
	/home/isucon/isucon6q/ruby/vendor/bundle/ruby/2.3.0/gems/sinatra-1.4.7/lib/sinatra/base.rb:1487:in `call'
	/home/isucon/isucon6q/ruby/vendor/bundle/ruby/2.3.0/gems/unicorn-5.1.0/lib/unicorn/http_server.rb:562:in `process_client'
	/home/isucon/isucon6q/ruby/vendor/bundle/ruby/2.3.0/gems/unicorn-5.1.0/lib/unicorn/http_server.rb:658:in `worker_loop'
	/home/isucon/isucon6q/ruby/vendor/bundle/ruby/2.3.0/gems/unicorn-5.1.0/lib/unicorn/http_server.rb:508:in `spawn_missing_workers'
	/home/isucon/isucon6q/ruby/vendor/bundle/ruby/2.3.0/gems/unicorn-5.1.0/lib/unicorn/http_server.rb:132:in `start'
	/home/isucon/isucon6q/ruby/vendor/bundle/ruby/2.3.0/gems/unicorn-5.1.0/bin/unicorn:126:in `<top (required)>'
	/home/isucon/isucon6q/ruby/vendor/bundle/ruby/2.3.0/bin/unicorn:23:in `load'
	/home/isucon/isucon6q/ruby/vendor/bundle/ruby/2.3.0/bin/unicorn:23:in `<top (required)>'
	/home/isucon/.local/ruby/lib/ruby/gems/2.3.0/gems/bundler-1.13.0/lib/bundler/cli/exec.rb:74:in `load'
	/home/isucon/.local/ruby/lib/ruby/gems/2.3.0/gems/bundler-1.13.0/lib/bundler/cli/exec.rb:74:in `kernel_load'
	/home/isucon/.local/ruby/lib/ruby/gems/2.3.0/gems/bundler-1.13.0/lib/bundler/cli/exec.rb:27:in `run'
	/home/isucon/.local/ruby/lib/ruby/gems/2.3.0/gems/bundler-1.13.0/lib/bundler/cli.rb:332:in `exec'
	/home/isucon/.local/ruby/lib/ruby/gems/2.3.0/gems/bundler-1.13.0/lib/bundler/vendor/thor/lib/thor/command.rb:27:in `run'
	/home/isucon/.local/ruby/lib/ruby/gems/2.3.0/gems/bundler-1.13.0/lib/bundler/vendor/thor/lib/thor/invocation.rb:126:in `invoke_command'
	/home/isucon/.local/ruby/lib/ruby/gems/2.3.0/gems/bundler-1.13.0/lib/bundler/vendor/thor/lib/thor.rb:359:in `dispatch'
	/home/isucon/.local/ruby/lib/ruby/gems/2.3.0/gems/bundler-1.13.0/lib/bundler/cli.rb:20:in `dispatch'
	/home/isucon/.local/ruby/lib/ruby/gems/2.3.0/gems/bundler-1.13.0/lib/bundler/vendor/thor/lib/thor/base.rb:440:in `start'
	/home/isucon/.local/ruby/lib/ruby/gems/2.3.0/gems/bundler-1.13.0/lib/bundler/cli.rb:11:in `start'
	/home/isucon/.local/ruby/lib/ruby/gems/2.3.0/gems/bundler-1.13.0/exe/bundle:34:in `block in <top (required)>'
	/home/isucon/.local/ruby/lib/ruby/gems/2.3.0/gems/bundler-1.13.0/lib/bundler/friendly_errors.rb:100:in `with_friendly_errors'
	/home/isucon/.local/ruby/lib/ruby/gems/2.3.0/gems/bundler-1.13.0/exe/bundle:26:in `<top (required)>'
	/home/isucon/.local/ruby/bin/bundle:23:in `load'
	/home/isucon/.local/ruby/bin/bundle:23:in `<main>'
2016-09-24 13:37:59 - Mysql2::Error - closed MySQL connection:
	/home/isucon/isucon6q/ruby/vendor/bundle/ruby/2.3.0/gems/mysql2-0.4.4/lib/mysql2/client.rb:107:in `_query'
	/home/isucon/isucon6q/ruby/vendor/bundle/ruby/2.3.0/gems/mysql2-0.4.4/lib/mysql2/client.rb:107:in `block in query'
	/home/isucon/isucon6q/ruby/vendor/bundle/ruby/2.3.0/gems/mysql2-0.4.4/lib/mysql2/client.rb:106:in `handle_interrupt'
	/home/isucon/isucon6q/ruby/vendor/bundle/ruby/2.3.0/gems/mysql2-0.4.4/lib/mysql2/client.rb:106:in `query'
	/home/isucon/isucon6q/ruby/vendor/bundle/ruby/2.3.0/gems/mysql2-cs-bind-0.0.6/lib/mysql2-cs-bind.rb:14:in `xquery'
	/home/isucon/isucon6q/ruby/lib/isutar/web.rb:53:in `block in <class:Web>'
	/home/isucon/isucon6q/ruby/vendor/bundle/ruby/2.3.0/gems/sinatra-1.4.7/lib/sinatra/base.rb:1611:in `call'
	/home/isucon/isucon6q/ruby/vendor/bundle/ruby/2.3.0/gems/sinatra-1.4.7/lib/sinatra/base.rb:1611:in `block in compile!'
	/home/isucon/isucon6q/ruby/vendor/bundle/ruby/2.3.0/gems/sinatra-1.4.7/lib/sinatra/base.rb:975:in `block (3 levels) in route!'
	/home/isucon/isucon6q/ruby/vendor/bundle/ruby/2.3.0/gems/sinatra-1.4.7/lib/sinatra/base.rb:994:in `route_eval'
	/home/isucon/isucon6q/ruby/vendor/bundle/ruby/2.3.0/gems/sinatra-1.4.7/lib/sinatra/base.rb:975:in `block (2 levels) in route!'
	/home/isucon/isucon6q/ruby/vendor/bundle/ruby/2.3.0/gems/sinatra-1.4.7/lib/sinatra/base.rb:1015:in `block in process_route'
	/home/isucon/isucon6q/ruby/vendor/bundle/ruby/2.3.0/gems/sinatra-1.4.7/lib/sinatra/base.rb:1013:in `catch'
	/home/isucon/isucon6q/ruby/vendor/bundle/ruby/2.3.0/gems/sinatra-1.4.7/lib/sinatra/base.rb:1013:in `process_route'
	/home/isucon/isucon6q/ruby/vendor/bundle/ruby/2.3.0/gems/sinatra-1.4.7/lib/sinatra/base.rb:973:in `block in route!'
	/home/isucon/isucon6q/ruby/vendor/bundle/ruby/2.3.0/gems/sinatra-1.4.7/lib/sinatra/base.rb:972:in `each'
	/home/isucon/isucon6q/ruby/vendor/bundle/ruby/2.3.0/gems/sinatra-1.4.7/lib/sinatra/base.rb:972:in `route!'
	/home/isucon/isucon6q/ruby/vendor/bundle/ruby/2.3.0/gems/sinatra-1.4.7/lib/sinatra/base.rb:1085:in `block in dispatch!'
	/home/isucon/isucon6q/ruby/vendor/bundle/ruby/2.3.0/gems/sinatra-1.4.7/lib/sinatra/base.rb:1067:in `block in invoke'
	/home/isucon/isucon6q/ruby/vendor/bundle/ruby/2.3.0/gems/sinatra-1.4.7/lib/sinatra/base.rb:1067:in `catch'
	/home/isucon/isucon6q/ruby/vendor/bundle/ruby/2.3.0/gems/sinatra-1.4.7/lib/sinatra/base.rb:1067:in `invoke'
	/home/isucon/isucon6q/ruby/vendor/bundle/ruby/2.3.0/gems/sinatra-1.4.7/lib/sinatra/base.rb:1082:in `dispatch!'
	/home/isucon/isucon6q/ruby/vendor/bundle/ruby/2.3.0/gems/sinatra-1.4.7/lib/sinatra/base.rb:907:in `block in call!'
	/home/isucon/isucon6q/ruby/vendor/bundle/ruby/2.3.0/gems/sinatra-1.4.7/lib/sinatra/base.rb:1067:in `block in invoke'
	/home/isucon/isucon6q/ruby/vendor/bundle/ruby/2.3.0/gems/sinatra-1.4.7/lib/sinatra/base.rb:1067:in `catch'
	/home/isucon/isucon6q/ruby/vendor/bundle/ruby/2.3.0/gems/sinatra-1.4.7/lib/sinatra/base.rb:1067:in `invoke'
	/home/isucon/isucon6q/ruby/vendor/bundle/ruby/2.3.0/gems/sinatra-1.4.7/lib/sinatra/base.rb:907:in `call!'
	/home/isucon/isucon6q/ruby/vendor/bundle/ruby/2.3.0/gems/sinatra-1.4.7/lib/sinatra/base.rb:895:in `call'
	/home/isucon/isucon6q/ruby/vendor/bundle/ruby/2.3.0/gems/rack-protection-1.5.3/lib/rack/protection/xss_header.rb:18:in `call'
	/home/isucon/isucon6q/ruby/vendor/bundle/ruby/2.3.0/gems/rack-protection-1.5.3/lib/rack/protection/path_traversal.rb:16:in `call'
	/home/isucon/isucon6q/ruby/vendor/bundle/ruby/2.3.0/gems/rack-protection-1.5.3/lib/rack/protection/json_csrf.rb:18:in `call'
	/home/isucon/isucon6q/ruby/vendor/bundle/ruby/2.3.0/gems/rack-protection-1.5.3/lib/rack/protection/base.rb:49:in `call'
	/home/isucon/isucon6q/ruby/vendor/bundle/ruby/2.3.0/gems/rack-protection-1.5.3/lib/rack/protection/base.rb:49:in `call'
	/home/isucon/isucon6q/ruby/vendor/bundle/ruby/2.3.0/gems/rack-protection-1.5.3/lib/rack/protection/frame_options.rb:31:in `call'
	/home/isucon/isucon6q/ruby/vendor/bundle/ruby/2.3.0/gems/rack-1.6.4/lib/rack/nulllogger.rb:9:in `call'
	/home/isucon/isucon6q/ruby/vendor/bundle/ruby/2.3.0/gems/rack-1.6.4/lib/rack/head.rb:13:in `call'
	/home/isucon/isucon6q/ruby/vendor/bundle/ruby/2.3.0/gems/sinatra-1.4.7/lib/sinatra/base.rb:182:in `call'
	/home/isucon/isucon6q/ruby/vendor/bundle/ruby/2.3.0/gems/sinatra-1.4.7/lib/sinatra/base.rb:2013:in `call'
	/home/isucon/isucon6q/ruby/vendor/bundle/ruby/2.3.0/gems/sinatra-1.4.7/lib/sinatra/base.rb:1487:in `block in call'
	/home/isucon/isucon6q/ruby/vendor/bundle/ruby/2.3.0/gems/sinatra-1.4.7/lib/sinatra/base.rb:1787:in `synchronize'
	/home/isucon/isucon6q/ruby/vendor/bundle/ruby/2.3.0/gems/sinatra-1.4.7/lib/sinatra/base.rb:1487:in `call'
	/home/isucon/isucon6q/ruby/vendor/bundle/ruby/2.3.0/gems/unicorn-5.1.0/lib/unicorn/http_server.rb:562:in `process_client'
	/home/isucon/isucon6q/ruby/vendor/bundle/ruby/2.3.0/gems/unicorn-5.1.0/lib/unicorn/http_server.rb:658:in `worker_loop'
	/home/isucon/isucon6q/ruby/vendor/bundle/ruby/2.3.0/gems/unicorn-5.1.0/lib/unicorn/http_server.rb:508:in `spawn_missing_workers'
	/home/isucon/isucon6q/ruby/vendor/bundle/ruby/2.3.0/gems/unicorn-5.1.0/lib/unicorn/http_server.rb:132:in `start'
	/home/isucon/isucon6q/ruby/vendor/bundle/ruby/2.3.0/gems/unicorn-5.1.0/bin/unicorn:126:in `<top (required)>'
	/home/isucon/isucon6q/ruby/vendor/bundle/ruby/2.3.0/bin/unicorn:23:in `load'
	/home/isucon/isucon6q/ruby/vendor/bundle/ruby/2.3.0/bin/unicorn:23:in `<top (required)>'
	/home/isucon/.local/ruby/lib/ruby/gems/2.3.0/gems/bundler-1.13.0/lib/bundler/cli/exec.rb:74:in `load'
	/home/isucon/.local/ruby/lib/ruby/gems/2.3.0/gems/bundler-1.13.0/lib/bundler/cli/exec.rb:74:in `kernel_load'
	/home/isucon/.local/ruby/lib/ruby/gems/2.3.0/gems/bundler-1.13.0/lib/bundler/cli/exec.rb:27:in `run'
	/home/isucon/.local/ruby/lib/ruby/gems/2.3.0/gems/bundler-1.13.0/lib/bundler/cli.rb:332:in `exec'
	/home/isucon/.local/ruby/lib/ruby/gems/2.3.0/gems/bundler-1.13.0/lib/bundler/vendor/thor/lib/thor/command.rb:27:in `run'
	/home/isucon/.local/ruby/lib/ruby/gems/2.3.0/gems/bundler-1.13.0/lib/bundler/vendor/thor/lib/thor/invocation.rb:126:in `invoke_command'
	/home/isucon/.local/ruby/lib/ruby/gems/2.3.0/gems/bundler-1.13.0/lib/bundler/vendor/thor/lib/thor.rb:359:in `dispatch'
	/home/isucon/.local/ruby/lib/ruby/gems/2.3.0/gems/bundler-1.13.0/lib/bundler/cli.rb:20:in `dispatch'
	/home/isucon/.local/ruby/lib/ruby/gems/2.3.0/gems/bundler-1.13.0/lib/bundler/vendor/thor/lib/thor/base.rb:440:in `start'
	/home/isucon/.local/ruby/lib/ruby/gems/2.3.0/gems/bundler-1.13.0/lib/bundler/cli.rb:11:in `start'
	/home/isucon/.local/ruby/lib/ruby/gems/2.3.0/gems/bundler-1.13.0/exe/bundle:34:in `block in <top (required)>'
	/home/isucon/.local/ruby/lib/ruby/gems/2.3.0/gems/bundler-1.13.0/lib/bundler/friendly_errors.rb:100:in `with_friendly_errors'
	/home/isucon/.local/ruby/lib/ruby/gems/2.3.0/gems/bundler-1.13.0/exe/bundle:26:in `<top (required)>'
	/home/isucon/.local/ruby/bin/bundle:23:in `load'
	/home/isucon/.local/ruby/bin/bundle:23:in `<main>'
2016-09-24 13:38:00 - Mysql2::Error - closed MySQL connection:
	/home/isucon/isucon6q/ruby/vendor/bundle/ruby/2.3.0/gems/mysql2-0.4.4/lib/mysql2/client.rb:107:in `_query'
	/home/isucon/isucon6q/ruby/vendor/bundle/ruby/2.3.0/gems/mysql2-0.4.4/lib/mysql2/client.rb:107:in `block in query'
	/home/isucon/isucon6q/ruby/vendor/bundle/ruby/2.3.0/gems/mysql2-0.4.4/lib/mysql2/client.rb:106:in `handle_interrupt'
	/home/isucon/isucon6q/ruby/vendor/bundle/ruby/2.3.0/gems/mysql2-0.4.4/lib/mysql2/client.rb:106:in `query'
	/home/isucon/isucon6q/ruby/vendor/bundle/ruby/2.3.0/gems/mysql2-cs-bind-0.0.6/lib/mysql2-cs-bind.rb:14:in `xquery'
	/home/isucon/isucon6q/ruby/lib/isutar/web.rb:53:in `block in <class:Web>'
	/home/isucon/isucon6q/ruby/vendor/bundle/ruby/2.3.0/gems/sinatra-1.4.7/lib/sinatra/base.rb:1611:in `call'
	/home/isucon/isucon6q/ruby/vendor/bundle/ruby/2.3.0/gems/sinatra-1.4.7/lib/sinatra/base.rb:1611:in `block in compile!'
	/home/isucon/isucon6q/ruby/vendor/bundle/ruby/2.3.0/gems/sinatra-1.4.7/lib/sinatra/base.rb:975:in `block (3 levels) in route!'
	/home/isucon/isucon6q/ruby/vendor/bundle/ruby/2.3.0/gems/sinatra-1.4.7/lib/sinatra/base.rb:994:in `route_eval'
	/home/isucon/isucon6q/ruby/vendor/bundle/ruby/2.3.0/gems/sinatra-1.4.7/lib/sinatra/base.rb:975:in `block (2 levels) in route!'
	/home/isucon/isucon6q/ruby/vendor/bundle/ruby/2.3.0/gems/sinatra-1.4.7/lib/sinatra/base.rb:1015:in `block in process_route'
	/home/isucon/isucon6q/ruby/vendor/bundle/ruby/2.3.0/gems/sinatra-1.4.7/lib/sinatra/base.rb:1013:in `catch'
	/home/isucon/isucon6q/ruby/vendor/bundle/ruby/2.3.0/gems/sinatra-1.4.7/lib/sinatra/base.rb:1013:in `process_route'
	/home/isucon/isucon6q/ruby/vendor/bundle/ruby/2.3.0/gems/sinatra-1.4.7/lib/sinatra/base.rb:973:in `block in route!'
	/home/isucon/isucon6q/ruby/vendor/bundle/ruby/2.3.0/gems/sinatra-1.4.7/lib/sinatra/base.rb:972:in `each'
	/home/isucon/isucon6q/ruby/vendor/bundle/ruby/2.3.0/gems/sinatra-1.4.7/lib/sinatra/base.rb:972:in `route!'
	/home/isucon/isucon6q/ruby/vendor/bundle/ruby/2.3.0/gems/sinatra-1.4.7/lib/sinatra/base.rb:1085:in `block in dispatch!'
	/home/isucon/isucon6q/ruby/vendor/bundle/ruby/2.3.0/gems/sinatra-1.4.7/lib/sinatra/base.rb:1067:in `block in invoke'
	/home/isucon/isucon6q/ruby/vendor/bundle/ruby/2.3.0/gems/sinatra-1.4.7/lib/sinatra/base.rb:1067:in `catch'
	/home/isucon/isucon6q/ruby/vendor/bundle/ruby/2.3.0/gems/sinatra-1.4.7/lib/sinatra/base.rb:1067:in `invoke'
	/home/isucon/isucon6q/ruby/vendor/bundle/ruby/2.3.0/gems/sinatra-1.4.7/lib/sinatra/base.rb:1082:in `dispatch!'
	/home/isucon/isucon6q/ruby/vendor/bundle/ruby/2.3.0/gems/sinatra-1.4.7/lib/sinatra/base.rb:907:in `block in call!'
	/home/isucon/isucon6q/ruby/vendor/bundle/ruby/2.3.0/gems/sinatra-1.4.7/lib/sinatra/base.rb:1067:in `block in invoke'
	/home/isucon/isucon6q/ruby/vendor/bundle/ruby/2.3.0/gems/sinatra-1.4.7/lib/sinatra/base.rb:1067:in `catch'
	/home/isucon/isucon6q/ruby/vendor/bundle/ruby/2.3.0/gems/sinatra-1.4.7/lib/sinatra/base.rb:1067:in `invoke'
	/home/isucon/isucon6q/ruby/vendor/bundle/ruby/2.3.0/gems/sinatra-1.4.7/lib/sinatra/base.rb:907:in `call!'
	/home/isucon/isucon6q/ruby/vendor/bundle/ruby/2.3.0/gems/sinatra-1.4.7/lib/sinatra/base.rb:895:in `call'
	/home/isucon/isucon6q/ruby/vendor/bundle/ruby/2.3.0/gems/rack-protection-1.5.3/lib/rack/protection/xss_header.rb:18:in `call'
	/home/isucon/isucon6q/ruby/vendor/bundle/ruby/2.3.0/gems/rack-protection-1.5.3/lib/rack/protection/path_traversal.rb:16:in `call'
	/home/isucon/isucon6q/ruby/vendor/bundle/ruby/2.3.0/gems/rack-protection-1.5.3/lib/rack/protection/json_csrf.rb:18:in `call'
	/home/isucon/isucon6q/ruby/vendor/bundle/ruby/2.3.0/gems/rack-protection-1.5.3/lib/rack/protection/base.rb:49:in `call'
	/home/isucon/isucon6q/ruby/vendor/bundle/ruby/2.3.0/gems/rack-protection-1.5.3/lib/rack/protection/base.rb:49:in `call'
	/home/isucon/isucon6q/ruby/vendor/bundle/ruby/2.3.0/gems/rack-protection-1.5.3/lib/rack/protection/frame_options.rb:31:in `call'
	/home/isucon/isucon6q/ruby/vendor/bundle/ruby/2.3.0/gems/rack-1.6.4/lib/rack/nulllogger.rb:9:in `call'
	/home/isucon/isucon6q/ruby/vendor/bundle/ruby/2.3.0/gems/rack-1.6.4/lib/rack/head.rb:13:in `call'
	/home/isucon/isucon6q/ruby/vendor/bundle/ruby/2.3.0/gems/sinatra-1.4.7/lib/sinatra/base.rb:182:in `call'
	/home/isucon/isucon6q/ruby/vendor/bundle/ruby/2.3.0/gems/sinatra-1.4.7/lib/sinatra/base.rb:2013:in `call'
	/home/isucon/isucon6q/ruby/vendor/bundle/ruby/2.3.0/gems/sinatra-1.4.7/lib/sinatra/base.rb:1487:in `block in call'
	/home/isucon/isucon6q/ruby/vendor/bundle/ruby/2.3.0/gems/sinatra-1.4.7/lib/sinatra/base.rb:1787:in `synchronize'
	/home/isucon/isucon6q/ruby/vendor/bundle/ruby/2.3.0/gems/sinatra-1.4.7/lib/sinatra/base.rb:1487:in `call'
	/home/isucon/isucon6q/ruby/vendor/bundle/ruby/2.3.0/gems/unicorn-5.1.0/lib/unicorn/http_server.rb:562:in `process_client'
	/home/isucon/isucon6q/ruby/vendor/bundle/ruby/2.3.0/gems/unicorn-5.1.0/lib/unicorn/http_server.rb:658:in `worker_loop'
	/home/isucon/isucon6q/ruby/vendor/bundle/ruby/2.3.0/gems/unicorn-5.1.0/lib/unicorn/http_server.rb:508:in `spawn_missing_workers'
	/home/isucon/isucon6q/ruby/vendor/bundle/ruby/2.3.0/gems/unicorn-5.1.0/lib/unicorn/http_server.rb:132:in `start'
	/home/isucon/isucon6q/ruby/vendor/bundle/ruby/2.3.0/gems/unicorn-5.1.0/bin/unicorn:126:in `<top (required)>'
	/home/isucon/isucon6q/ruby/vendor/bundle/ruby/2.3.0/bin/unicorn:23:in `load'
	/home/isucon/isucon6q/ruby/vendor/bundle/ruby/2.3.0/bin/unicorn:23:in `<top (required)>'
	/home/isucon/.local/ruby/lib/ruby/gems/2.3.0/gems/bundler-1.13.0/lib/bundler/cli/exec.rb:74:in `load'
	/home/isucon/.local/ruby/lib/ruby/gems/2.3.0/gems/bundler-1.13.0/lib/bundler/cli/exec.rb:74:in `kernel_load'
	/home/isucon/.local/ruby/lib/ruby/gems/2.3.0/gems/bundler-1.13.0/lib/bundler/cli/exec.rb:27:in `run'
	/home/isucon/.local/ruby/lib/ruby/gems/2.3.0/gems/bundler-1.13.0/lib/bundler/cli.rb:332:in `exec'
	/home/isucon/.local/ruby/lib/ruby/gems/2.3.0/gems/bundler-1.13.0/lib/bundler/vendor/thor/lib/thor/command.rb:27:in `run'
	/home/isucon/.local/ruby/lib/ruby/gems/2.3.0/gems/bundler-1.13.0/lib/bundler/vendor/thor/lib/thor/invocation.rb:126:in `invoke_command'
	/home/isucon/.local/ruby/lib/ruby/gems/2.3.0/gems/bundler-1.13.0/lib/bundler/vendor/thor/lib/thor.rb:359:in `dispatch'
	/home/isucon/.local/ruby/lib/ruby/gems/2.3.0/gems/bundler-1.13.0/lib/bundler/cli.rb:20:in `dispatch'
	/home/isucon/.local/ruby/lib/ruby/gems/2.3.0/gems/bundler-1.13.0/lib/bundler/vendor/thor/lib/thor/base.rb:440:in `start'
	/home/isucon/.local/ruby/lib/ruby/gems/2.3.0/gems/bundler-1.13.0/lib/bundler/cli.rb:11:in `start'
	/home/isucon/.local/ruby/lib/ruby/gems/2.3.0/gems/bundler-1.13.0/exe/bundle:34:in `block in <top (required)>'
	/home/isucon/.local/ruby/lib/ruby/gems/2.3.0/gems/bundler-1.13.0/lib/bundler/friendly_errors.rb:100:in `with_friendly_errors'
	/home/isucon/.local/ruby/lib/ruby/gems/2.3.0/gems/bundler-1.13.0/exe/bundle:26:in `<top (required)>'
	/home/isucon/.local/ruby/bin/bundle:23:in `load'
	/home/isucon/.local/ruby/bin/bundle:23:in `<main>'
2016-09-24 14:00:54 - Mysql2::Error - closed MySQL connection:
	/home/isucon/isucon6q/ruby/vendor/bundle/ruby/2.3.0/gems/mysql2-0.4.4/lib/mysql2/client.rb:107:in `_query'
	/home/isucon/isucon6q/ruby/vendor/bundle/ruby/2.3.0/gems/mysql2-0.4.4/lib/mysql2/client.rb:107:in `block in query'
	/home/isucon/isucon6q/ruby/vendor/bundle/ruby/2.3.0/gems/mysql2-0.4.4/lib/mysql2/client.rb:106:in `handle_interrupt'
	/home/isucon/isucon6q/ruby/vendor/bundle/ruby/2.3.0/gems/mysql2-0.4.4/lib/mysql2/client.rb:106:in `query'
	/home/isucon/isucon6q/ruby/vendor/bundle/ruby/2.3.0/gems/mysql2-cs-bind-0.0.6/lib/mysql2-cs-bind.rb:14:in `xquery'
	/home/isucon/isucon6q/ruby/lib/isutar/web.rb:53:in `block in <class:Web>'
	/home/isucon/isucon6q/ruby/vendor/bundle/ruby/2.3.0/gems/sinatra-1.4.7/lib/sinatra/base.rb:1611:in `call'
	/home/isucon/isucon6q/ruby/vendor/bundle/ruby/2.3.0/gems/sinatra-1.4.7/lib/sinatra/base.rb:1611:in `block in compile!'
	/home/isucon/isucon6q/ruby/vendor/bundle/ruby/2.3.0/gems/sinatra-1.4.7/lib/sinatra/base.rb:975:in `block (3 levels) in route!'
	/home/isucon/isucon6q/ruby/vendor/bundle/ruby/2.3.0/gems/sinatra-1.4.7/lib/sinatra/base.rb:994:in `route_eval'
	/home/isucon/isucon6q/ruby/vendor/bundle/ruby/2.3.0/gems/sinatra-1.4.7/lib/sinatra/base.rb:975:in `block (2 levels) in route!'
	/home/isucon/isucon6q/ruby/vendor/bundle/ruby/2.3.0/gems/sinatra-1.4.7/lib/sinatra/base.rb:1015:in `block in process_route'
	/home/isucon/isucon6q/ruby/vendor/bundle/ruby/2.3.0/gems/sinatra-1.4.7/lib/sinatra/base.rb:1013:in `catch'
	/home/isucon/isucon6q/ruby/vendor/bundle/ruby/2.3.0/gems/sinatra-1.4.7/lib/sinatra/base.rb:1013:in `process_route'
	/home/isucon/isucon6q/ruby/vendor/bundle/ruby/2.3.0/gems/sinatra-1.4.7/lib/sinatra/base.rb:973:in `block in route!'
	/home/isucon/isucon6q/ruby/vendor/bundle/ruby/2.3.0/gems/sinatra-1.4.7/lib/sinatra/base.rb:972:in `each'
	/home/isucon/isucon6q/ruby/vendor/bundle/ruby/2.3.0/gems/sinatra-1.4.7/lib/sinatra/base.rb:972:in `route!'
	/home/isucon/isucon6q/ruby/vendor/bundle/ruby/2.3.0/gems/sinatra-1.4.7/lib/sinatra/base.rb:1085:in `block in dispatch!'
	/home/isucon/isucon6q/ruby/vendor/bundle/ruby/2.3.0/gems/sinatra-1.4.7/lib/sinatra/base.rb:1067:in `block in invoke'
	/home/isucon/isucon6q/ruby/vendor/bundle/ruby/2.3.0/gems/sinatra-1.4.7/lib/sinatra/base.rb:1067:in `catch'
	/home/isucon/isucon6q/ruby/vendor/bundle/ruby/2.3.0/gems/sinatra-1.4.7/lib/sinatra/base.rb:1067:in `invoke'
	/home/isucon/isucon6q/ruby/vendor/bundle/ruby/2.3.0/gems/sinatra-1.4.7/lib/sinatra/base.rb:1082:in `dispatch!'
	/home/isucon/isucon6q/ruby/vendor/bundle/ruby/2.3.0/gems/sinatra-1.4.7/lib/sinatra/base.rb:907:in `block in call!'
	/home/isucon/isucon6q/ruby/vendor/bundle/ruby/2.3.0/gems/sinatra-1.4.7/lib/sinatra/base.rb:1067:in `block in invoke'
	/home/isucon/isucon6q/ruby/vendor/bundle/ruby/2.3.0/gems/sinatra-1.4.7/lib/sinatra/base.rb:1067:in `catch'
	/home/isucon/isucon6q/ruby/vendor/bundle/ruby/2.3.0/gems/sinatra-1.4.7/lib/sinatra/base.rb:1067:in `invoke'
	/home/isucon/isucon6q/ruby/vendor/bundle/ruby/2.3.0/gems/sinatra-1.4.7/lib/sinatra/base.rb:907:in `call!'
	/home/isucon/isucon6q/ruby/vendor/bundle/ruby/2.3.0/gems/sinatra-1.4.7/lib/sinatra/base.rb:895:in `call'
	/home/isucon/isucon6q/ruby/vendor/bundle/ruby/2.3.0/gems/rack-protection-1.5.3/lib/rack/protection/xss_header.rb:18:in `call'
	/home/isucon/isucon6q/ruby/vendor/bundle/ruby/2.3.0/gems/rack-protection-1.5.3/lib/rack/protection/path_traversal.rb:16:in `call'
	/home/isucon/isucon6q/ruby/vendor/bundle/ruby/2.3.0/gems/rack-protection-1.5.3/lib/rack/protection/json_csrf.rb:18:in `call'
	/home/isucon/isucon6q/ruby/vendor/bundle/ruby/2.3.0/gems/rack-protection-1.5.3/lib/rack/protection/base.rb:49:in `call'
	/home/isucon/isucon6q/ruby/vendor/bundle/ruby/2.3.0/gems/rack-protection-1.5.3/lib/rack/protection/base.rb:49:in `call'
	/home/isucon/isucon6q/ruby/vendor/bundle/ruby/2.3.0/gems/rack-protection-1.5.3/lib/rack/protection/frame_options.rb:31:in `call'
	/home/isucon/isucon6q/ruby/vendor/bundle/ruby/2.3.0/gems/rack-1.6.4/lib/rack/nulllogger.rb:9:in `call'
	/home/isucon/isucon6q/ruby/vendor/bundle/ruby/2.3.0/gems/rack-1.6.4/lib/rack/head.rb:13:in `call'
	/home/isucon/isucon6q/ruby/vendor/bundle/ruby/2.3.0/gems/sinatra-1.4.7/lib/sinatra/base.rb:182:in `call'
	/home/isucon/isucon6q/ruby/vendor/bundle/ruby/2.3.0/gems/sinatra-1.4.7/lib/sinatra/base.rb:2013:in `call'
	/home/isucon/isucon6q/ruby/vendor/bundle/ruby/2.3.0/gems/sinatra-1.4.7/lib/sinatra/base.rb:1487:in `block in call'
	/home/isucon/isucon6q/ruby/vendor/bundle/ruby/2.3.0/gems/sinatra-1.4.7/lib/sinatra/base.rb:1787:in `synchronize'
	/home/isucon/isucon6q/ruby/vendor/bundle/ruby/2.3.0/gems/sinatra-1.4.7/lib/sinatra/base.rb:1487:in `call'
	/home/isucon/isucon6q/ruby/vendor/bundle/ruby/2.3.0/gems/unicorn-5.1.0/lib/unicorn/http_server.rb:562:in `process_client'
	/home/isucon/isucon6q/ruby/vendor/bundle/ruby/2.3.0/gems/unicorn-5.1.0/lib/unicorn/http_server.rb:658:in `worker_loop'
	/home/isucon/isucon6q/ruby/vendor/bundle/ruby/2.3.0/gems/unicorn-5.1.0/lib/unicorn/http_server.rb:508:in `spawn_missing_workers'
	/home/isucon/isucon6q/ruby/vendor/bundle/ruby/2.3.0/gems/unicorn-5.1.0/lib/unicorn/http_server.rb:132:in `start'
	/home/isucon/isucon6q/ruby/vendor/bundle/ruby/2.3.0/gems/unicorn-5.1.0/bin/unicorn:126:in `<top (required)>'
	/home/isucon/isucon6q/ruby/vendor/bundle/ruby/2.3.0/bin/unicorn:23:in `load'
	/home/isucon/isucon6q/ruby/vendor/bundle/ruby/2.3.0/bin/unicorn:23:in `<top (required)>'
	/home/isucon/.local/ruby/lib/ruby/gems/2.3.0/gems/bundler-1.13.0/lib/bundler/cli/exec.rb:74:in `load'
	/home/isucon/.local/ruby/lib/ruby/gems/2.3.0/gems/bundler-1.13.0/lib/bundler/cli/exec.rb:74:in `kernel_load'
	/home/isucon/.local/ruby/lib/ruby/gems/2.3.0/gems/bundler-1.13.0/lib/bundler/cli/exec.rb:27:in `run'
	/home/isucon/.local/ruby/lib/ruby/gems/2.3.0/gems/bundler-1.13.0/lib/bundler/cli.rb:332:in `exec'
	/home/isucon/.local/ruby/lib/ruby/gems/2.3.0/gems/bundler-1.13.0/lib/bundler/vendor/thor/lib/thor/command.rb:27:in `run'
	/home/isucon/.local/ruby/lib/ruby/gems/2.3.0/gems/bundler-1.13.0/lib/bundler/vendor/thor/lib/thor/invocation.rb:126:in `invoke_command'
	/home/isucon/.local/ruby/lib/ruby/gems/2.3.0/gems/bundler-1.13.0/lib/bundler/vendor/thor/lib/thor.rb:359:in `dispatch'
	/home/isucon/.local/ruby/lib/ruby/gems/2.3.0/gems/bundler-1.13.0/lib/bundler/cli.rb:20:in `dispatch'
	/home/isucon/.local/ruby/lib/ruby/gems/2.3.0/gems/bundler-1.13.0/lib/bundler/vendor/thor/lib/thor/base.rb:440:in `start'
	/home/isucon/.local/ruby/lib/ruby/gems/2.3.0/gems/bundler-1.13.0/lib/bundler/cli.rb:11:in `start'
	/home/isucon/.local/ruby/lib/ruby/gems/2.3.0/gems/bundler-1.13.0/exe/bundle:34:in `block in <top (required)>'
	/home/isucon/.local/ruby/lib/ruby/gems/2.3.0/gems/bundler-1.13.0/lib/bundler/friendly_errors.rb:100:in `with_friendly_errors'
	/home/isucon/.local/ruby/lib/ruby/gems/2.3.0/gems/bundler-1.13.0/exe/bundle:26:in `<top (required)>'
	/home/isucon/.local/ruby/bin/bundle:23:in `load'
	/home/isucon/.local/ruby/bin/bundle:23:in `<main>'
I, [2016-09-24T14:11:33.707588 #855]  INFO -- : reaped #<Process::Status: pid 1247 exit 0> worker=0
I, [2016-09-24T14:11:33.707655 #855]  INFO -- : reaped #<Process::Status: pid 1250 exit 0> worker=1
I, [2016-09-24T14:11:33.707684 #855]  INFO -- : reaped #<Process::Status: pid 1253 exit 0> worker=2
I, [2016-09-24T14:11:33.707710 #855]  INFO -- : reaped #<Process::Status: pid 1256 exit 0> worker=3
I, [2016-09-24T14:11:33.707735 #855]  INFO -- : reaped #<Process::Status: pid 1259 exit 0> worker=4
I, [2016-09-24T14:11:33.707777 #855]  INFO -- : master complete
I, [2016-09-24T14:14:12.665733 #9351]  INFO -- : Refreshing Gem list
F, [2016-09-24T14:14:12.693451 #9351] FATAL -- : error adding listener addr=/tmp/unicorn_isutar.sock
ArgumentError: socket=/tmp/unicorn_isutar.sock specified but it is not a socket!
  /home/isucon/isucon6q/ruby/vendor/bundle/ruby/2.3.0/gems/unicorn-5.1.0/lib/unicorn/socket_helper.rb:116:in `bind_listen'
  /home/isucon/isucon6q/ruby/vendor/bundle/ruby/2.3.0/gems/unicorn-5.1.0/lib/unicorn/http_server.rb:231:in `listen'
  /home/isucon/isucon6q/ruby/vendor/bundle/ruby/2.3.0/gems/unicorn-5.1.0/lib/unicorn/http_server.rb:808:in `block in bind_new_listeners!'
  /home/isucon/isucon6q/ruby/vendor/bundle/ruby/2.3.0/gems/unicorn-5.1.0/lib/unicorn/http_server.rb:808:in `each'
  /home/isucon/isucon6q/ruby/vendor/bundle/ruby/2.3.0/gems/unicorn-5.1.0/lib/unicorn/http_server.rb:808:in `bind_new_listeners!'
  /home/isucon/isucon6q/ruby/vendor/bundle/ruby/2.3.0/gems/unicorn-5.1.0/lib/unicorn/http_server.rb:130:in `start'
  /home/isucon/isucon6q/ruby/vendor/bundle/ruby/2.3.0/gems/unicorn-5.1.0/bin/unicorn:126:in `<top (required)>'
  /home/isucon/isucon6q/ruby/vendor/bundle/ruby/2.3.0/bin/unicorn:23:in `load'
  /home/isucon/isucon6q/ruby/vendor/bundle/ruby/2.3.0/bin/unicorn:23:in `<top (required)>'
I, [2016-09-24T14:14:13.150459 #9355]  INFO -- : Refreshing Gem list
F, [2016-09-24T14:14:13.180874 #9355] FATAL -- : error adding listener addr=/tmp/unicorn_isutar.sock
ArgumentError: socket=/tmp/unicorn_isutar.sock specified but it is not a socket!
  /home/isucon/isucon6q/ruby/vendor/bundle/ruby/2.3.0/gems/unicorn-5.1.0/lib/unicorn/socket_helper.rb:116:in `bind_listen'
  /home/isucon/isucon6q/ruby/vendor/bundle/ruby/2.3.0/gems/unicorn-5.1.0/lib/unicorn/http_server.rb:231:in `listen'
  /home/isucon/isucon6q/ruby/vendor/bundle/ruby/2.3.0/gems/unicorn-5.1.0/lib/unicorn/http_server.rb:808:in `block in bind_new_listeners!'
  /home/isucon/isucon6q/ruby/vendor/bundle/ruby/2.3.0/gems/unicorn-5.1.0/lib/unicorn/http_server.rb:808:in `each'
  /home/isucon/isucon6q/ruby/vendor/bundle/ruby/2.3.0/gems/unicorn-5.1.0/lib/unicorn/http_server.rb:808:in `bind_new_listeners!'
  /home/isucon/isucon6q/ruby/vendor/bundle/ruby/2.3.0/gems/unicorn-5.1.0/lib/unicorn/http_server.rb:130:in `start'
  /home/isucon/isucon6q/ruby/vendor/bundle/ruby/2.3.0/gems/unicorn-5.1.0/bin/unicorn:126:in `<top (required)>'
  /home/isucon/isucon6q/ruby/vendor/bundle/ruby/2.3.0/bin/unicorn:23:in `load'
  /home/isucon/isucon6q/ruby/vendor/bundle/ruby/2.3.0/bin/unicorn:23:in `<top (required)>'
I, [2016-09-24T14:14:13.660612 #9359]  INFO -- : Refreshing Gem list
F, [2016-09-24T14:14:13.695162 #9359] FATAL -- : error adding listener addr=/tmp/unicorn_isutar.sock
ArgumentError: socket=/tmp/unicorn_isutar.sock specified but it is not a socket!
  /home/isucon/isucon6q/ruby/vendor/bundle/ruby/2.3.0/gems/unicorn-5.1.0/lib/unicorn/socket_helper.rb:116:in `bind_listen'
  /home/isucon/isucon6q/ruby/vendor/bundle/ruby/2.3.0/gems/unicorn-5.1.0/lib/unicorn/http_server.rb:231:in `listen'
  /home/isucon/isucon6q/ruby/vendor/bundle/ruby/2.3.0/gems/unicorn-5.1.0/lib/unicorn/http_server.rb:808:in `block in bind_new_listeners!'
  /home/isucon/isucon6q/ruby/vendor/bundle/ruby/2.3.0/gems/unicorn-5.1.0/lib/unicorn/http_server.rb:808:in `each'
  /home/isucon/isucon6q/ruby/vendor/bundle/ruby/2.3.0/gems/unicorn-5.1.0/lib/unicorn/http_server.rb:808:in `bind_new_listeners!'
  /home/isucon/isucon6q/ruby/vendor/bundle/ruby/2.3.0/gems/unicorn-5.1.0/lib/unicorn/http_server.rb:130:in `start'
  /home/isucon/isucon6q/ruby/vendor/bundle/ruby/2.3.0/gems/unicorn-5.1.0/bin/unicorn:126:in `<top (required)>'
  /home/isucon/isucon6q/ruby/vendor/bundle/ruby/2.3.0/bin/unicorn:23:in `load'
  /home/isucon/isucon6q/ruby/vendor/bundle/ruby/2.3.0/bin/unicorn:23:in `<top (required)>'
I, [2016-09-24T14:14:14.139736 #9363]  INFO -- : Refreshing Gem list
F, [2016-09-24T14:14:14.168392 #9363] FATAL -- : error adding listener addr=/tmp/unicorn_isutar.sock
ArgumentError: socket=/tmp/unicorn_isutar.sock specified but it is not a socket!
  /home/isucon/isucon6q/ruby/vendor/bundle/ruby/2.3.0/gems/unicorn-5.1.0/lib/unicorn/socket_helper.rb:116:in `bind_listen'
  /home/isucon/isucon6q/ruby/vendor/bundle/ruby/2.3.0/gems/unicorn-5.1.0/lib/unicorn/http_server.rb:231:in `listen'
  /home/isucon/isucon6q/ruby/vendor/bundle/ruby/2.3.0/gems/unicorn-5.1.0/lib/unicorn/http_server.rb:808:in `block in bind_new_listeners!'
  /home/isucon/isucon6q/ruby/vendor/bundle/ruby/2.3.0/gems/unicorn-5.1.0/lib/unicorn/http_server.rb:808:in `each'
  /home/isucon/isucon6q/ruby/vendor/bundle/ruby/2.3.0/gems/unicorn-5.1.0/lib/unicorn/http_server.rb:808:in `bind_new_listeners!'
  /home/isucon/isucon6q/ruby/vendor/bundle/ruby/2.3.0/gems/unicorn-5.1.0/lib/unicorn/http_server.rb:130:in `start'
  /home/isucon/isucon6q/ruby/vendor/bundle/ruby/2.3.0/gems/unicorn-5.1.0/bin/unicorn:126:in `<top (required)>'
  /home/isucon/isucon6q/ruby/vendor/bundle/ruby/2.3.0/bin/unicorn:23:in `load'
  /home/isucon/isucon6q/ruby/vendor/bundle/ruby/2.3.0/bin/unicorn:23:in `<top (required)>'
I, [2016-09-24T14:14:14.636612 #9368]  INFO -- : Refreshing Gem list
F, [2016-09-24T14:14:14.664557 #9368] FATAL -- : error adding listener addr=/tmp/unicorn_isutar.sock
ArgumentError: socket=/tmp/unicorn_isutar.sock specified but it is not a socket!
  /home/isucon/isucon6q/ruby/vendor/bundle/ruby/2.3.0/gems/unicorn-5.1.0/lib/unicorn/socket_helper.rb:116:in `bind_listen'
  /home/isucon/isucon6q/ruby/vendor/bundle/ruby/2.3.0/gems/unicorn-5.1.0/lib/unicorn/http_server.rb:231:in `listen'
  /home/isucon/isucon6q/ruby/vendor/bundle/ruby/2.3.0/gems/unicorn-5.1.0/lib/unicorn/http_server.rb:808:in `block in bind_new_listeners!'
  /home/isucon/isucon6q/ruby/vendor/bundle/ruby/2.3.0/gems/unicorn-5.1.0/lib/unicorn/http_server.rb:808:in `each'
  /home/isucon/isucon6q/ruby/vendor/bundle/ruby/2.3.0/gems/unicorn-5.1.0/lib/unicorn/http_server.rb:808:in `bind_new_listeners!'
  /home/isucon/isucon6q/ruby/vendor/bundle/ruby/2.3.0/gems/unicorn-5.1.0/lib/unicorn/http_server.rb:130:in `start'
  /home/isucon/isucon6q/ruby/vendor/bundle/ruby/2.3.0/gems/unicorn-5.1.0/bin/unicorn:126:in `<top (required)>'
  /home/isucon/isucon6q/ruby/vendor/bundle/ruby/2.3.0/bin/unicorn:23:in `load'
  /home/isucon/isucon6q/ruby/vendor/bundle/ruby/2.3.0/bin/unicorn:23:in `<top (required)>'
I, [2016-09-24T14:26:20.673942 #877]  INFO -- : Refreshing Gem list
I, [2016-09-24T14:26:21.346394 #877]  INFO -- : listening on addr=/tmp/unicorn_isutar.sock fd=7
I, [2016-09-24T14:26:21.346647 #877]  INFO -- : listening on addr=0.0.0.0:5001 fd=8
I, [2016-09-24T14:26:21.346723 #877]  INFO -- : worker=0 spawning...
I, [2016-09-24T14:26:21.347386 #877]  INFO -- : worker=1 spawning...
I, [2016-09-24T14:26:21.347878 #877]  INFO -- : worker=2 spawning...
I, [2016-09-24T14:26:21.347882 #1068]  INFO -- : worker=0 spawned pid=1068
I, [2016-09-24T14:26:21.348118 #1068]  INFO -- : worker=0 ready
I, [2016-09-24T14:26:21.348886 #877]  INFO -- : worker=3 spawning...
I, [2016-09-24T14:26:21.349081 #1071]  INFO -- : worker=1 spawned pid=1071
I, [2016-09-24T14:26:21.349183 #1071]  INFO -- : worker=1 ready
I, [2016-09-24T14:26:21.349724 #877]  INFO -- : worker=4 spawning...
I, [2016-09-24T14:26:21.350262 #1077]  INFO -- : worker=3 spawned pid=1077
I, [2016-09-24T14:26:21.349885 #1074]  INFO -- : worker=2 spawned pid=1074
I, [2016-09-24T14:26:21.350370 #1077]  INFO -- : worker=3 ready
I, [2016-09-24T14:26:21.350408 #1074]  INFO -- : worker=2 ready
I, [2016-09-24T14:26:21.350952 #877]  INFO -- : master process ready
I, [2016-09-24T14:26:21.351325 #1080]  INFO -- : worker=4 spawned pid=1080
I, [2016-09-24T14:26:21.351455 #1080]  INFO -- : worker=4 ready
I, [2016-09-24T16:15:07.801479 #877]  INFO -- : reaped #<Process::Status: pid 1068 exit 0> worker=0
I, [2016-09-24T16:15:07.801556 #877]  INFO -- : reaped #<Process::Status: pid 1071 exit 0> worker=1
I, [2016-09-24T16:15:07.801588 #877]  INFO -- : reaped #<Process::Status: pid 1074 exit 0> worker=2
I, [2016-09-24T16:15:07.801614 #877]  INFO -- : reaped #<Process::Status: pid 1077 exit 0> worker=3
I, [2016-09-24T16:15:07.801642 #877]  INFO -- : reaped #<Process::Status: pid 1080 exit 0> worker=4
I, [2016-09-24T16:15:07.801690 #877]  INFO -- : master complete
I, [2016-09-24T17:36:37.123215 #4996]  INFO -- : Refreshing Gem list
I, [2016-09-24T17:36:37.153488 #4996]  INFO -- : unlinking existing socket=/tmp/unicorn_isutar.sock
I, [2016-09-24T17:36:37.153589 #4996]  INFO -- : listening on addr=/tmp/unicorn_isutar.sock fd=7
I, [2016-09-24T17:36:37.153757 #4996]  INFO -- : listening on addr=0.0.0.0:5001 fd=8
I, [2016-09-24T17:36:37.153816 #4996]  INFO -- : worker=0 spawning...
I, [2016-09-24T17:36:37.154493 #4996]  INFO -- : worker=1 spawning...
I, [2016-09-24T17:36:37.155012 #4996]  INFO -- : worker=2 spawning...
I, [2016-09-24T17:36:37.155007 #5014]  INFO -- : worker=0 spawned pid=5014
I, [2016-09-24T17:36:37.155128 #5014]  INFO -- : worker=0 ready
I, [2016-09-24T17:36:37.155745 #4996]  INFO -- : worker=3 spawning...
I, [2016-09-24T17:36:37.156067 #5017]  INFO -- : worker=1 spawned pid=5017
I, [2016-09-24T17:36:37.156165 #5017]  INFO -- : worker=1 ready
I, [2016-09-24T17:36:37.156162 #5020]  INFO -- : worker=2 spawned pid=5020
I, [2016-09-24T17:36:37.156268 #5020]  INFO -- : worker=2 ready
I, [2016-09-24T17:36:37.156699 #4996]  INFO -- : worker=4 spawning...
I, [2016-09-24T17:36:37.157085 #5023]  INFO -- : worker=3 spawned pid=5023
I, [2016-09-24T17:36:37.157209 #5023]  INFO -- : worker=3 ready
I, [2016-09-24T17:36:37.157200 #4996]  INFO -- : master process ready
I, [2016-09-24T17:36:37.157748 #5026]  INFO -- : worker=4 spawned pid=5026
I, [2016-09-24T17:36:37.157846 #5026]  INFO -- : worker=4 ready
I, [2016-09-24T17:39:07.080313 #4996]  INFO -- : reaped #<Process::Status: pid 5014 exit 0> worker=0
I, [2016-09-24T17:39:07.080389 #4996]  INFO -- : reaped #<Process::Status: pid 5017 exit 0> worker=1
I, [2016-09-24T17:39:07.080417 #4996]  INFO -- : reaped #<Process::Status: pid 5023 exit 0> worker=3
I, [2016-09-24T17:39:07.180688 #4996]  INFO -- : reaped #<Process::Status: pid 5020 exit 0> worker=2
I, [2016-09-24T17:39:07.180759 #4996]  INFO -- : reaped #<Process::Status: pid 5026 exit 0> worker=4
I, [2016-09-24T17:39:07.180866 #4996]  INFO -- : master complete
I, [2016-09-24T17:39:07.438260 #5160]  INFO -- : Refreshing Gem list
I, [2016-09-24T17:39:07.469193 #5160]  INFO -- : unlinking existing socket=/tmp/unicorn_isutar.sock
I, [2016-09-24T17:39:07.469314 #5160]  INFO -- : listening on addr=/tmp/unicorn_isutar.sock fd=7
I, [2016-09-24T17:39:07.469507 #5160]  INFO -- : listening on addr=0.0.0.0:5001 fd=8
I, [2016-09-24T17:39:07.469571 #5160]  INFO -- : worker=0 spawning...
I, [2016-09-24T17:39:07.470307 #5160]  INFO -- : worker=1 spawning...
I, [2016-09-24T17:39:07.470764 #5160]  INFO -- : worker=2 spawning...
I, [2016-09-24T17:39:07.470738 #5178]  INFO -- : worker=0 spawned pid=5178
I, [2016-09-24T17:39:07.470859 #5178]  INFO -- : worker=0 ready
I, [2016-09-24T17:39:07.471490 #5160]  INFO -- : worker=3 spawning...
I, [2016-09-24T17:39:07.471780 #5181]  INFO -- : worker=1 spawned pid=5181
I, [2016-09-24T17:39:07.471880 #5181]  INFO -- : worker=1 ready
I, [2016-09-24T17:39:07.471877 #5184]  INFO -- : worker=2 spawned pid=5184
I, [2016-09-24T17:39:07.471985 #5184]  INFO -- : worker=2 ready
I, [2016-09-24T17:39:07.472436 #5160]  INFO -- : worker=4 spawning...
I, [2016-09-24T17:39:07.472845 #5187]  INFO -- : worker=3 spawned pid=5187
I, [2016-09-24T17:39:07.472954 #5187]  INFO -- : worker=3 ready
I, [2016-09-24T17:39:07.472937 #5160]  INFO -- : master process ready
I, [2016-09-24T17:39:07.473480 #5190]  INFO -- : worker=4 spawned pid=5190
I, [2016-09-24T17:39:07.473580 #5190]  INFO -- : worker=4 ready
